API endpoint: http://localhost:8080
If you are using a library that supports the FIRESTORE_EMULATOR_HOST environment variable, run:

   export FIRESTORE_EMULATOR_HOST=localhost:8080

Dev App Server is now running.

Sep 10, 2020 2:44:19 PM io.gapi.emulators.netty.HttpVersionRoutingHandler channelRead
INFO: Detected non-HTTP/2 connection.
Sep 10, 2020 2:44:19 PM io.gapi.emulators.netty.HttpVersionRoutingHandler channelRead
INFO: Detected HTTP/2 connection.
Sep 10, 2020 2:44:19 PM io.gapi.emulators.netty.HttpVersionRoutingHandler channelRead
INFO: Detected non-HTTP/2 connection.
Sep 10, 2020 2:44:19 PM io.gapi.emulators.netty.HttpVersionRoutingHandler channelRead
INFO: Detected HTTP/2 connection.
Sep 10, 2020 2:44:20 PM io.gapi.emulators.netty.HttpVersionRoutingHandler channelRead
INFO: Detected non-HTTP/2 connection.
Sep 10, 2020 2:44:20 PM io.gapi.emulators.netty.HttpVersionRoutingHandler channelRead
INFO: Detected non-HTTP/2 connection.
Sep 10, 2020 2:44:20 PM com.google.cloud.datastore.emulator.impl.util.WrappedStreamObserver onError
INFO: operation failed: 
false for 'create' @ L9
Sep 10, 2020 2:45:12 PM io.gapi.emulators.netty.HttpVersionRoutingHandler channelRead
INFO: Detected non-HTTP/2 connection.
Sep 10, 2020 2:45:12 PM io.gapi.emulators.netty.HttpVersionRoutingHandler channelRead
INFO: Detected HTTP/2 connection.
Sep 10, 2020 2:45:12 PM io.gapi.emulators.netty.HttpVersionRoutingHandler channelRead
INFO: Detected non-HTTP/2 connection.
Sep 10, 2020 2:45:12 PM io.gapi.emulators.netty.HttpVersionRoutingHandler channelRead
INFO: Detected non-HTTP/2 connection.
Sep 10, 2020 2:45:12 PM com.google.cloud.datastore.emulator.impl.util.WrappedStreamObserver onError
INFO: operation failed: 
false for 'create' @ L9
Sep 10, 2020 2:45:13 PM io.gapi.emulators.netty.HttpVersionRoutingHandler channelRead
INFO: Detected non-HTTP/2 connection.
Sep 10, 2020 2:45:13 PM com.google.cloud.datastore.emulator.impl.util.WrappedStreamObserver onError
INFO: operation failed: 
false for 'create' @ L9
Sep 10, 2020 2:45:51 PM io.gapi.emulators.netty.HttpVersionRoutingHandler channelRead
INFO: Detected non-HTTP/2 connection.
Sep 10, 2020 2:45:51 PM io.gapi.emulators.netty.HttpVersionRoutingHandler channelRead
INFO: Detected HTTP/2 connection.
Sep 10, 2020 2:45:51 PM io.gapi.emulators.netty.HttpVersionRoutingHandler channelRead
INFO: Detected non-HTTP/2 connection.
Sep 10, 2020 2:45:51 PM io.gapi.emulators.netty.HttpVersionRoutingHandler channelRead
INFO: Detected non-HTTP/2 connection.
Sep 10, 2020 2:45:51 PM com.google.cloud.datastore.emulator.impl.util.WrappedStreamObserver onError
INFO: operation failed: 
false for 'create' @ L9
Sep 10, 2020 2:45:52 PM io.gapi.emulators.netty.HttpVersionRoutingHandler channelRead
INFO: Detected non-HTTP/2 connection.
Sep 10, 2020 2:47:03 PM io.gapi.emulators.netty.HttpVersionRoutingHandler channelRead
INFO: Detected non-HTTP/2 connection.
Sep 10, 2020 2:47:03 PM io.gapi.emulators.netty.HttpVersionRoutingHandler channelRead
INFO: Detected HTTP/2 connection.
Sep 10, 2020 2:47:03 PM com.google.cloud.datastore.emulator.impl.util.WrappedStreamObserver onError
INFO: operation failed: 
false for 'create' @ L9
Sep 10, 2020 2:47:03 PM io.gapi.emulators.netty.HttpVersionRoutingHandler channelRead
INFO: Detected non-HTTP/2 connection.
Sep 10, 2020 2:47:03 PM com.google.cloud.datastore.emulator.impl.util.WrappedStreamObserver onError
INFO: operation failed: 
false for 'create' @ L9
Sep 10, 2020 2:47:03 PM io.gapi.emulators.netty.HttpVersionRoutingHandler channelRead
INFO: Detected non-HTTP/2 connection.
Sep 10, 2020 2:47:03 PM com.google.cloud.datastore.emulator.impl.util.WrappedStreamObserver onError
INFO: operation failed: 
false for 'create' @ L9
Sep 10, 2020 2:47:03 PM io.gapi.emulators.netty.HttpVersionRoutingHandler channelRead
INFO: Detected non-HTTP/2 connection.
Sep 10, 2020 2:48:17 PM io.gapi.emulators.netty.HttpVersionRoutingHandler channelRead
INFO: Detected non-HTTP/2 connection.
Sep 10, 2020 2:48:17 PM io.gapi.emulators.netty.HttpVersionRoutingHandler channelRead
INFO: Detected HTTP/2 connection.
Sep 10, 2020 2:48:17 PM io.gapi.emulators.netty.HttpVersionRoutingHandler channelRead
INFO: Detected non-HTTP/2 connection.
Sep 10, 2020 2:48:17 PM com.google.cloud.datastore.emulator.impl.util.WrappedStreamObserver onError
INFO: operation failed: 
false for 'create' @ L9
Sep 10, 2020 2:48:17 PM io.gapi.emulators.netty.HttpVersionRoutingHandler channelRead
INFO: Detected non-HTTP/2 connection.
Sep 10, 2020 2:48:17 PM io.gapi.emulators.netty.HttpVersionRoutingHandler channelRead
INFO: Detected non-HTTP/2 connection.
Sep 10, 2020 2:49:34 PM io.gapi.emulators.netty.HttpVersionRoutingHandler channelRead
INFO: Detected non-HTTP/2 connection.
Sep 10, 2020 2:49:34 PM io.gapi.emulators.netty.HttpVersionRoutingHandler channelRead
INFO: Detected HTTP/2 connection.
Sep 10, 2020 2:49:34 PM io.gapi.emulators.netty.HttpVersionRoutingHandler channelRead
INFO: Detected non-HTTP/2 connection.
Sep 10, 2020 2:49:34 PM com.google.cloud.datastore.emulator.impl.util.WrappedStreamObserver onError
INFO: operation failed: 
false for 'create' @ L9
Sep 10, 2020 2:49:34 PM io.gapi.emulators.netty.HttpVersionRoutingHandler channelRead
INFO: Detected non-HTTP/2 connection.
Sep 10, 2020 2:49:34 PM io.gapi.emulators.netty.HttpVersionRoutingHandler channelRead
INFO: Detected non-HTTP/2 connection.
Sep 10, 2020 2:50:01 PM io.gapi.emulators.netty.HttpVersionRoutingHandler channelRead
INFO: Detected non-HTTP/2 connection.
Sep 10, 2020 2:50:01 PM io.gapi.emulators.netty.HttpVersionRoutingHandler channelRead
INFO: Detected HTTP/2 connection.
Sep 10, 2020 2:50:01 PM io.gapi.emulators.netty.HttpVersionRoutingHandler channelRead
INFO: Detected non-HTTP/2 connection.
Sep 10, 2020 2:50:01 PM com.google.cloud.datastore.emulator.impl.util.WrappedStreamObserver onError
INFO: operation failed: 
false for 'create' @ L9
Sep 10, 2020 2:50:01 PM io.gapi.emulators.netty.HttpVersionRoutingHandler channelRead
INFO: Detected non-HTTP/2 connection.
Sep 10, 2020 2:50:01 PM io.gapi.emulators.netty.HttpVersionRoutingHandler channelRead
INFO: Detected non-HTTP/2 connection.
Sep 10, 2020 2:58:37 PM io.gapi.emulators.netty.HttpVersionRoutingHandler channelRead
INFO: Detected HTTP/2 connection.
Sep 10, 2020 2:58:37 PM io.gapi.emulators.netty.HttpVersionRoutingHandler channelRead
INFO: Detected non-HTTP/2 connection.
Sep 10, 2020 2:58:37 PM io.gapi.emulators.netty.HttpVersionRoutingHandler channelRead
INFO: Detected non-HTTP/2 connection.
Sep 10, 2020 2:58:37 PM com.google.cloud.datastore.emulator.impl.util.WrappedStreamObserver onError
INFO: operation failed: 
false for 'create' @ L9
Sep 10, 2020 2:58:37 PM io.gapi.emulators.netty.HttpVersionRoutingHandler channelRead
INFO: Detected non-HTTP/2 connection.
Sep 10, 2020 2:58:37 PM io.gapi.emulators.netty.HttpVersionRoutingHandler channelRead
INFO: Detected non-HTTP/2 connection.
Sep 10, 2020 2:59:04 PM io.gapi.emulators.netty.HttpVersionRoutingHandler channelRead
INFO: Detected HTTP/2 connection.
Sep 10, 2020 2:59:04 PM io.gapi.emulators.netty.HttpVersionRoutingHandler channelRead
INFO: Detected non-HTTP/2 connection.
Sep 10, 2020 2:59:05 PM io.gapi.emulators.netty.HttpVersionRoutingHandler channelRead
INFO: Detected non-HTTP/2 connection.
Sep 10, 2020 2:59:05 PM com.google.cloud.datastore.emulator.impl.util.WrappedStreamObserver onError
INFO: operation failed: 
false for 'create' @ L9
Sep 10, 2020 2:59:05 PM io.gapi.emulators.netty.HttpVersionRoutingHandler channelRead
INFO: Detected non-HTTP/2 connection.
Sep 10, 2020 2:59:05 PM com.google.cloud.datastore.emulator.impl.util.WrappedStreamObserver onError
INFO: operation failed: 
false for 'create' @ L9
Sep 10, 2020 2:59:05 PM io.gapi.emulators.netty.HttpVersionRoutingHandler channelRead
INFO: Detected non-HTTP/2 connection.
Sep 10, 2020 3:06:08 PM io.gapi.emulators.netty.HttpVersionRoutingHandler channelRead
INFO: Detected non-HTTP/2 connection.
Sep 10, 2020 3:06:08 PM io.gapi.emulators.netty.HttpVersionRoutingHandler channelRead
INFO: Detected HTTP/2 connection.
Sep 10, 2020 3:06:08 PM io.gapi.emulators.netty.HttpVersionRoutingHandler channelRead
INFO: Detected non-HTTP/2 connection.
Sep 10, 2020 3:06:08 PM com.google.cloud.datastore.emulator.impl.util.WrappedStreamObserver onError
INFO: operation failed: 
false for 'create' @ L9
Sep 10, 2020 3:06:08 PM io.gapi.emulators.netty.HttpVersionRoutingHandler channelRead
INFO: Detected non-HTTP/2 connection.
Sep 10, 2020 3:06:08 PM com.google.cloud.datastore.emulator.impl.util.WrappedStreamObserver onError
INFO: operation failed: 
false for 'create' @ L9
Sep 10, 2020 3:06:08 PM io.gapi.emulators.netty.HttpVersionRoutingHandler channelRead
INFO: Detected non-HTTP/2 connection.
Sep 10, 2020 3:06:08 PM com.google.cloud.datastore.emulator.impl.util.WrappedStreamObserver onError
INFO: operation failed: 
false for 'create' @ L9
Sep 10, 2020 3:06:08 PM io.gapi.emulators.netty.HttpVersionRoutingHandler channelRead
INFO: Detected non-HTTP/2 connection.
Sep 10, 2020 3:06:24 PM io.gapi.emulators.netty.HttpVersionRoutingHandler channelRead
INFO: Detected non-HTTP/2 connection.
Sep 10, 2020 3:06:24 PM io.gapi.emulators.netty.HttpVersionRoutingHandler channelRead
INFO: Detected HTTP/2 connection.
Sep 10, 2020 3:06:24 PM io.gapi.emulators.netty.HttpVersionRoutingHandler channelRead
INFO: Detected non-HTTP/2 connection.
Sep 10, 2020 3:06:24 PM com.google.cloud.datastore.emulator.impl.util.WrappedStreamObserver onError
INFO: operation failed: 
false for 'create' @ L9
Sep 10, 2020 3:06:24 PM io.gapi.emulators.netty.HttpVersionRoutingHandler channelRead
INFO: Detected non-HTTP/2 connection.
Sep 10, 2020 3:06:24 PM com.google.cloud.datastore.emulator.impl.util.WrappedStreamObserver onError
INFO: operation failed: 
false for 'create' @ L9
Sep 10, 2020 3:06:24 PM io.gapi.emulators.netty.HttpVersionRoutingHandler channelRead
INFO: Detected non-HTTP/2 connection.
Sep 10, 2020 3:06:24 PM io.gapi.emulators.netty.HttpVersionRoutingHandler channelRead
INFO: Detected non-HTTP/2 connection.
Sep 10, 2020 3:06:42 PM io.gapi.emulators.netty.HttpVersionRoutingHandler channelRead
INFO: Detected non-HTTP/2 connection.
Sep 10, 2020 3:06:42 PM io.gapi.emulators.netty.HttpVersionRoutingHandler channelRead
INFO: Detected HTTP/2 connection.
Sep 10, 2020 3:06:42 PM io.gapi.emulators.netty.HttpVersionRoutingHandler channelRead
INFO: Detected non-HTTP/2 connection.
Sep 10, 2020 3:06:42 PM com.google.cloud.datastore.emulator.impl.util.WrappedStreamObserver onError
INFO: operation failed: 
false for 'create' @ L9
Sep 10, 2020 3:06:42 PM io.gapi.emulators.netty.HttpVersionRoutingHandler channelRead
INFO: Detected non-HTTP/2 connection.
Sep 10, 2020 3:06:42 PM com.google.cloud.datastore.emulator.impl.util.WrappedStreamObserver onError
INFO: operation failed: 
false for 'create' @ L9
Sep 10, 2020 3:06:42 PM io.gapi.emulators.netty.HttpVersionRoutingHandler channelRead
INFO: Detected non-HTTP/2 connection.
Sep 10, 2020 3:06:42 PM com.google.cloud.datastore.emulator.impl.util.WrappedStreamObserver onError
INFO: operation failed: 
false for 'create' @ L9
Sep 10, 2020 3:06:42 PM io.gapi.emulators.netty.HttpVersionRoutingHandler channelRead
INFO: Detected non-HTTP/2 connection.
Sep 10, 2020 3:12:04 PM io.gapi.emulators.netty.HttpVersionRoutingHandler channelRead
INFO: Detected non-HTTP/2 connection.
Sep 10, 2020 3:12:04 PM io.gapi.emulators.netty.HttpVersionRoutingHandler channelRead
INFO: Detected HTTP/2 connection.
Sep 10, 2020 3:12:04 PM io.gapi.emulators.netty.HttpVersionRoutingHandler channelRead
INFO: Detected non-HTTP/2 connection.
Sep 10, 2020 3:12:04 PM com.google.cloud.datastore.emulator.impl.util.WrappedStreamObserver onError
INFO: operation failed: 
false for 'create' @ L9
Sep 10, 2020 3:12:04 PM io.gapi.emulators.netty.HttpVersionRoutingHandler channelRead
INFO: Detected non-HTTP/2 connection.
Sep 10, 2020 3:12:04 PM com.google.cloud.datastore.emulator.impl.util.WrappedStreamObserver onError
INFO: operation failed: 
false for 'create' @ L9
Sep 10, 2020 3:12:04 PM io.gapi.emulators.netty.HttpVersionRoutingHandler channelRead
INFO: Detected non-HTTP/2 connection.
Sep 10, 2020 3:12:04 PM com.google.cloud.datastore.emulator.impl.util.WrappedStreamObserver onError
INFO: operation failed: 
false for 'create' @ L9
Sep 10, 2020 3:12:04 PM io.gapi.emulators.netty.HttpVersionRoutingHandler channelRead
INFO: Detected non-HTTP/2 connection.
Sep 10, 2020 3:12:04 PM com.google.cloud.datastore.emulator.impl.util.WrappedStreamObserver onError
INFO: operation failed: 
false for 'create' @ L9
Sep 10, 2020 3:12:04 PM io.gapi.emulators.netty.HttpVersionRoutingHandler channelRead
INFO: Detected non-HTTP/2 connection.
Sep 10, 2020 3:14:32 PM io.gapi.emulators.netty.HttpVersionRoutingHandler channelRead
INFO: Detected non-HTTP/2 connection.
Sep 10, 2020 3:14:32 PM io.gapi.emulators.netty.HttpVersionRoutingHandler channelRead
INFO: Detected HTTP/2 connection.
Sep 10, 2020 3:14:32 PM io.gapi.emulators.netty.HttpVersionRoutingHandler channelRead
INFO: Detected non-HTTP/2 connection.
Sep 10, 2020 3:14:32 PM com.google.cloud.datastore.emulator.impl.util.WrappedStreamObserver onError
INFO: operation failed: 
false for 'create' @ L9
Sep 10, 2020 3:14:32 PM io.gapi.emulators.netty.HttpVersionRoutingHandler channelRead
INFO: Detected non-HTTP/2 connection.
Sep 10, 2020 3:14:32 PM com.google.cloud.datastore.emulator.impl.util.WrappedStreamObserver onError
INFO: operation failed: 
false for 'create' @ L9
Sep 10, 2020 3:14:32 PM io.gapi.emulators.netty.HttpVersionRoutingHandler channelRead
INFO: Detected non-HTTP/2 connection.
Sep 10, 2020 3:14:32 PM com.google.cloud.datastore.emulator.impl.util.WrappedStreamObserver onError
INFO: operation failed: 
false for 'create' @ L9
Sep 10, 2020 3:14:32 PM io.gapi.emulators.netty.HttpVersionRoutingHandler channelRead
INFO: Detected non-HTTP/2 connection.
Sep 10, 2020 3:14:32 PM com.google.cloud.datastore.emulator.impl.util.WrappedStreamObserver onError
INFO: operation failed: 
false for 'create' @ L9
Sep 10, 2020 3:14:32 PM io.gapi.emulators.netty.HttpVersionRoutingHandler channelRead
INFO: Detected non-HTTP/2 connection.
Sep 10, 2020 3:18:30 PM io.gapi.emulators.netty.HttpVersionRoutingHandler channelRead
INFO: Detected non-HTTP/2 connection.
Sep 10, 2020 3:18:30 PM io.gapi.emulators.netty.HttpVersionRoutingHandler channelRead
INFO: Detected HTTP/2 connection.
Sep 10, 2020 3:18:30 PM io.gapi.emulators.netty.HttpVersionRoutingHandler channelRead
INFO: Detected non-HTTP/2 connection.
Sep 10, 2020 3:18:30 PM com.google.cloud.datastore.emulator.impl.util.WrappedStreamObserver onError
INFO: operation failed: 
false for 'create' @ L9
Sep 10, 2020 3:18:30 PM io.gapi.emulators.netty.HttpVersionRoutingHandler channelRead
INFO: Detected non-HTTP/2 connection.
Sep 10, 2020 3:18:30 PM com.google.cloud.datastore.emulator.impl.util.WrappedStreamObserver onError
INFO: operation failed: 
false for 'create' @ L9
Sep 10, 2020 3:18:30 PM io.gapi.emulators.netty.HttpVersionRoutingHandler channelRead
INFO: Detected non-HTTP/2 connection.
Sep 10, 2020 3:18:30 PM com.google.cloud.datastore.emulator.impl.util.WrappedStreamObserver onError
INFO: operation failed: 
false for 'create' @ L9
Sep 10, 2020 3:18:30 PM io.gapi.emulators.netty.HttpVersionRoutingHandler channelRead
INFO: Detected non-HTTP/2 connection.
Sep 10, 2020 3:18:30 PM com.google.cloud.datastore.emulator.impl.util.WrappedStreamObserver onError
INFO: operation failed: 
false for 'create' @ L9
Sep 10, 2020 3:18:30 PM io.gapi.emulators.netty.HttpVersionRoutingHandler channelRead
INFO: Detected non-HTTP/2 connection.
Sep 10, 2020 3:18:30 PM com.google.cloud.datastore.emulator.impl.util.WrappedStreamObserver onError
INFO: operation failed: 
false for 'create' @ L9
Sep 10, 2020 3:18:30 PM io.gapi.emulators.netty.HttpVersionRoutingHandler channelRead
INFO: Detected non-HTTP/2 connection.
Sep 10, 2020 3:43:07 PM io.gapi.emulators.netty.HttpVersionRoutingHandler channelRead
INFO: Detected HTTP/2 connection.
Sep 10, 2020 3:43:07 PM io.gapi.emulators.netty.HttpVersionRoutingHandler channelRead
INFO: Detected non-HTTP/2 connection.
Sep 10, 2020 3:43:07 PM io.gapi.emulators.netty.HttpVersionRoutingHandler channelRead
INFO: Detected non-HTTP/2 connection.
Sep 10, 2020 3:43:07 PM com.google.cloud.datastore.emulator.impl.util.WrappedStreamObserver onError
INFO: operation failed: 
false for 'create' @ L9
Sep 10, 2020 3:43:07 PM io.gapi.emulators.netty.HttpVersionRoutingHandler channelRead
INFO: Detected non-HTTP/2 connection.
Sep 10, 2020 3:43:07 PM com.google.cloud.datastore.emulator.impl.util.WrappedStreamObserver onError
INFO: operation failed: 
false for 'create' @ L9
Sep 10, 2020 3:43:08 PM io.gapi.emulators.netty.HttpVersionRoutingHandler channelRead
INFO: Detected non-HTTP/2 connection.
Sep 10, 2020 3:43:08 PM com.google.cloud.datastore.emulator.impl.util.WrappedStreamObserver onError
INFO: operation failed: 
false for 'create' @ L9
Sep 10, 2020 3:43:08 PM io.gapi.emulators.netty.HttpVersionRoutingHandler channelRead
INFO: Detected non-HTTP/2 connection.
Sep 10, 2020 3:43:08 PM com.google.cloud.datastore.emulator.impl.util.WrappedStreamObserver onError
INFO: operation failed: 
false for 'create' @ L9
Sep 10, 2020 3:43:08 PM io.gapi.emulators.netty.HttpVersionRoutingHandler channelRead
INFO: Detected non-HTTP/2 connection.
Sep 10, 2020 3:43:08 PM com.google.cloud.datastore.emulator.impl.util.WrappedStreamObserver onError
INFO: operation failed: 
false for 'create' @ L9
Sep 10, 2020 3:43:08 PM io.gapi.emulators.netty.HttpVersionRoutingHandler channelRead
INFO: Detected non-HTTP/2 connection.
Sep 10, 2020 3:43:08 PM com.google.cloud.datastore.emulator.impl.util.WrappedStreamObserver onError
INFO: operation failed: 
false for 'create' @ L9
Sep 10, 2020 3:43:08 PM io.gapi.emulators.netty.HttpVersionRoutingHandler channelRead
INFO: Detected non-HTTP/2 connection.
Sep 10, 2020 3:47:20 PM io.gapi.emulators.netty.HttpVersionRoutingHandler channelRead
INFO: Detected non-HTTP/2 connection.
Sep 10, 2020 3:47:20 PM io.gapi.emulators.netty.HttpVersionRoutingHandler channelRead
INFO: Detected HTTP/2 connection.
Sep 10, 2020 3:47:20 PM io.gapi.emulators.netty.HttpVersionRoutingHandler channelRead
INFO: Detected non-HTTP/2 connection.
Sep 10, 2020 3:47:20 PM com.google.cloud.datastore.emulator.impl.util.WrappedStreamObserver onError
INFO: operation failed: 
false for 'create' @ L9
Sep 10, 2020 3:47:20 PM io.gapi.emulators.netty.HttpVersionRoutingHandler channelRead
INFO: Detected non-HTTP/2 connection.
Sep 10, 2020 3:47:20 PM com.google.cloud.datastore.emulator.impl.util.WrappedStreamObserver onError
INFO: operation failed: 
false for 'create' @ L9
Sep 10, 2020 3:47:20 PM io.gapi.emulators.netty.HttpVersionRoutingHandler channelRead
INFO: Detected non-HTTP/2 connection.
Sep 10, 2020 3:47:20 PM com.google.cloud.datastore.emulator.impl.util.WrappedStreamObserver onError
INFO: operation failed: 
false for 'create' @ L9
Sep 10, 2020 3:47:20 PM io.gapi.emulators.netty.HttpVersionRoutingHandler channelRead
INFO: Detected non-HTTP/2 connection.
Sep 10, 2020 3:47:20 PM com.google.cloud.datastore.emulator.impl.util.WrappedStreamObserver onError
INFO: operation failed: 
false for 'create' @ L9
Sep 10, 2020 3:47:20 PM io.gapi.emulators.netty.HttpVersionRoutingHandler channelRead
INFO: Detected non-HTTP/2 connection.
Sep 10, 2020 3:47:20 PM com.google.cloud.datastore.emulator.impl.util.WrappedStreamObserver onError
INFO: operation failed: 
false for 'create' @ L9
Sep 10, 2020 3:47:20 PM io.gapi.emulators.netty.HttpVersionRoutingHandler channelRead
INFO: Detected non-HTTP/2 connection.
