[debug] [2020-09-07T13:56:13.436Z] ----------------------------------------------------------------------
[debug] [2020-09-07T13:56:13.448Z] Command:       /Users/todakashinya/.anyenv/envs/nodenv/versions/10.17.0/bin/node /Users/todakashinya/Desktop/web/chaochat/node_modules/.bin/firebase serve --only functions,hosting
[debug] [2020-09-07T13:56:13.449Z] CLI Version:   8.10.0
[debug] [2020-09-07T13:56:13.449Z] Platform:      darwin
[debug] [2020-09-07T13:56:13.449Z] Node Version:  v10.17.0
[debug] [2020-09-07T13:56:13.470Z] Time:          Mon Sep 07 2020 22:56:13 GMT+0900 (Japan Standard Time)
[debug] [2020-09-07T13:56:13.471Z] ----------------------------------------------------------------------
[debug] [2020-09-07T13:56:13.471Z] 
[debug] [2020-09-07T13:56:13.489Z] > command requires scopes: ["email","openid","https://www.googleapis.com/auth/cloudplatformprojects.readonly","https://www.googleapis.com/auth/firebase","https://www.googleapis.com/auth/cloud-platform"]
[debug] [2020-09-07T13:56:13.490Z] > authorizing via signed-in user
[debug] [2020-09-07T13:56:13.490Z] [iam] checking project chatchat-dev for permissions ["firebase.projects.get"]
[debug] [2020-09-07T13:56:13.495Z] >>> HTTP REQUEST POST https://cloudresourcemanager.googleapis.com/v1/projects/chatchat-dev:testIamPermissions  
 {"permissions":["firebase.projects.get"]}
[debug] [2020-09-07T13:56:14.645Z] <<< HTTP RESPONSE 200 {"content-type":"application/json; charset=UTF-8","vary":"X-Origin, Referer, Origin,Accept-Encoding","date":"Mon, 07 Sep 2020 13:56:15 GMT","server":"ESF","cache-control":"private","x-xss-protection":"0","x-frame-options":"SAMEORIGIN","x-content-type-options":"nosniff","server-timing":"gfet4t7; dur=641","alt-svc":"h3-29=\":443\"; ma=2592000,h3-27=\":443\"; ma=2592000,h3-T051=\":443\"; ma=2592000,h3-T050=\":443\"; ma=2592000,h3-Q050=\":443\"; ma=2592000,h3-Q046=\":443\"; ma=2592000,h3-Q043=\":443\"; ma=2592000,quic=\":443\"; ma=2592000; v=\"46,43\"","accept-ranges":"none","transfer-encoding":"chunked"}
[debug] [2020-09-07T13:56:14.648Z] >>> HTTP REQUEST GET https://firebase.googleapis.com/v1beta1/projects/chatchat-dev  
 
[debug] [2020-09-07T13:56:15.607Z] <<< HTTP RESPONSE 200 {"content-type":"application/json; charset=UTF-8","vary":"X-Origin, Referer, Origin,Accept-Encoding","date":"Mon, 07 Sep 2020 13:56:16 GMT","server":"ESF","cache-control":"private","x-xss-protection":"0","x-frame-options":"SAMEORIGIN","x-content-type-options":"nosniff","alt-svc":"h3-29=\":443\"; ma=2592000,h3-27=\":443\"; ma=2592000,h3-T051=\":443\"; ma=2592000,h3-T050=\":443\"; ma=2592000,h3-Q050=\":443\"; ma=2592000,h3-Q046=\":443\"; ma=2592000,h3-Q043=\":443\"; ma=2592000,quic=\":443\"; ma=2592000; v=\"46,43\"","accept-ranges":"none","transfer-encoding":"chunked"}
[debug] [2020-09-07T13:56:15.611Z] >>> HTTP REQUEST GET https://firebase.googleapis.com/v1beta1/projects/chatchat-dev/webApps/-/config  
 
[info] ✔  functions: Using node@10 from host. {"metadata":{"emulator":{"name":"functions"},"message":"Using node@10 from host."}}
[debug] [2020-09-07T13:56:15.640Z] defaultcredentials: writing to file /Users/todakashinya/.config/firebase/tdk0105_strawberry_gmail.com_application_default_credentials.json
[debug] [2020-09-07T13:56:15.651Z] Setting GAC to /Users/todakashinya/.config/firebase/tdk0105_strawberry_gmail.com_application_default_credentials.json {"metadata":{"emulator":{"name":"functions"},"message":"Setting GAC to /Users/todakashinya/.config/firebase/tdk0105_strawberry_gmail.com_application_default_credentials.json"}}
[debug] [2020-09-07T13:56:17.027Z] <<< HTTP RESPONSE 200 {"content-type":"application/json; charset=UTF-8","vary":"X-Origin, Referer, Origin,Accept-Encoding","date":"Mon, 07 Sep 2020 13:56:17 GMT","server":"ESF","cache-control":"private","x-xss-protection":"0","x-frame-options":"SAMEORIGIN","x-content-type-options":"nosniff","alt-svc":"h3-29=\":443\"; ma=2592000,h3-27=\":443\"; ma=2592000,h3-T051=\":443\"; ma=2592000,h3-T050=\":443\"; ma=2592000,h3-Q050=\":443\"; ma=2592000,h3-Q046=\":443\"; ma=2592000,h3-Q043=\":443\"; ma=2592000,quic=\":443\"; ma=2592000; v=\"46,43\"","accept-ranges":"none","transfer-encoding":"chunked"}
[info] i  functions: Watching "/Users/todakashinya/Desktop/web/chaochat" for Cloud Functions... {"metadata":{"emulator":{"name":"functions"},"message":"Watching \"/Users/todakashinya/Desktop/web/chaochat\" for Cloud Functions..."}}
[debug] [2020-09-07T13:56:17.078Z] [worker-pool] addWorker(~diagnostic~) {"metadata":{"emulator":{"name":"functions"},"message":"[worker-pool] addWorker(~diagnostic~)"}}
[debug] [2020-09-07T13:56:17.078Z] [worker-pool] Adding worker with key ~diagnostic~, total=1 {"metadata":{"emulator":{"name":"functions"},"message":"[worker-pool] Adding worker with key ~diagnostic~, total=1"}}
[debug] [2020-09-07T13:56:17.078Z] [worker-pool] submitWork(triggerId=) {"metadata":{"emulator":{"name":"functions"},"message":"[worker-pool] submitWork(triggerId=)"}}
[debug] [2020-09-07T13:56:17.079Z] [worker-~diagnostic~-fcbd6c4f-4fec-4496-bafe-a29c5f0f81ef]: Assigning socketPath: /var/folders/s4/827qky2119bg4cxbvxjwlcl00000gn/T/fire_emu_44875.sock {"metadata":{"emulator":{"name":"functions"},"message":"[worker-~diagnostic~-fcbd6c4f-4fec-4496-bafe-a29c5f0f81ef]: Assigning socketPath: /var/folders/s4/827qky2119bg4cxbvxjwlcl00000gn/T/fire_emu_44875.sock"}}
[debug] [2020-09-07T13:56:17.079Z] [worker-~diagnostic~-fcbd6c4f-4fec-4496-bafe-a29c5f0f81ef]: BUSY {"metadata":{"emulator":{"name":"functions"},"message":"[worker-~diagnostic~-fcbd6c4f-4fec-4496-bafe-a29c5f0f81ef]: BUSY"}}
[info] i  hosting: Serving hosting files from: dist/public {"metadata":{"emulator":{"name":"hosting"},"message":"Serving hosting files from: \u001b[1mdist/public\u001b[22m"}}
[info] ✔  hosting: Local server: http://localhost:5000 {"metadata":{"emulator":{"name":"hosting"},"message":"Local server: \u001b[4m\u001b[1mhttp://localhost:5000\u001b[22m\u001b[24m"}}
[debug] [2020-09-07T13:56:17.728Z] [runtime-status] [44875] Functions runtime initialized. {"cwd":"/Users/todakashinya/Desktop/web/chaochat","node_version":"10.17.0"} {"metadata":{"emulator":{"name":"functions"},"message":"[runtime-status] [44875] Functions runtime initialized. {\"cwd\":\"/Users/todakashinya/Desktop/web/chaochat\",\"node_version\":\"10.17.0\"}"}}
[debug] [2020-09-07T13:56:17.733Z] [runtime-status] [44875] Disabled runtime features: undefined {"metadata":{"emulator":{"name":"functions"},"message":"[runtime-status] [44875] Disabled runtime features: undefined"}}
[debug] [2020-09-07T13:56:17.748Z] [runtime-status] [44875] Resolved module firebase-admin {"declared":true,"installed":true,"version":"9.1.1","resolution":"/Users/todakashinya/Desktop/web/chaochat/node_modules/firebase-admin/lib/index.js"} {"metadata":{"emulator":{"name":"functions"},"message":"[runtime-status] [44875] Resolved module firebase-admin {\"declared\":true,\"installed\":true,\"version\":\"9.1.1\",\"resolution\":\"/Users/todakashinya/Desktop/web/chaochat/node_modules/firebase-admin/lib/index.js\"}"}}
[debug] [2020-09-07T13:56:17.749Z] [runtime-status] [44875] Resolved module firebase-functions {"declared":true,"installed":true,"version":"3.11.0","resolution":"/Users/todakashinya/Desktop/web/chaochat/node_modules/firebase-functions/lib/index.js"} {"metadata":{"emulator":{"name":"functions"},"message":"[runtime-status] [44875] Resolved module firebase-functions {\"declared\":true,\"installed\":true,\"version\":\"3.11.0\",\"resolution\":\"/Users/todakashinya/Desktop/web/chaochat/node_modules/firebase-functions/lib/index.js\"}"}}
[debug] [2020-09-07T13:56:17.751Z] [runtime-status] [44875] Resolved module firebase-functions {"declared":true,"installed":true,"version":"3.11.0","resolution":"/Users/todakashinya/Desktop/web/chaochat/node_modules/firebase-functions/lib/index.js"} {"metadata":{"emulator":{"name":"functions"},"message":"[runtime-status] [44875] Resolved module firebase-functions {\"declared\":true,\"installed\":true,\"version\":\"3.11.0\",\"resolution\":\"/Users/todakashinya/Desktop/web/chaochat/node_modules/firebase-functions/lib/index.js\"}"}}
[debug] [2020-09-07T13:56:17.756Z] [runtime-status] [44875] Outgoing network have been stubbed. [{"name":"http","status":"mocked"},{"name":"http","status":"mocked"},{"name":"https","status":"mocked"},{"name":"https","status":"mocked"},{"name":"net","status":"mocked"}] {"metadata":{"emulator":{"name":"functions"},"message":"[runtime-status] [44875] Outgoing network have been stubbed. [{\"name\":\"http\",\"status\":\"mocked\"},{\"name\":\"http\",\"status\":\"mocked\"},{\"name\":\"https\",\"status\":\"mocked\"},{\"name\":\"https\",\"status\":\"mocked\"},{\"name\":\"net\",\"status\":\"mocked\"}]"}}
[debug] [2020-09-07T13:56:17.757Z] [runtime-status] [44875] Resolved module firebase-functions {"declared":true,"installed":true,"version":"3.11.0","resolution":"/Users/todakashinya/Desktop/web/chaochat/node_modules/firebase-functions/lib/index.js"} {"metadata":{"emulator":{"name":"functions"},"message":"[runtime-status] [44875] Resolved module firebase-functions {\"declared\":true,\"installed\":true,\"version\":\"3.11.0\",\"resolution\":\"/Users/todakashinya/Desktop/web/chaochat/node_modules/firebase-functions/lib/index.js\"}"}}
[debug] [2020-09-07T13:56:17.804Z] [runtime-status] [44875] Checked functions.config() {"config":{}} {"metadata":{"emulator":{"name":"functions"},"message":"[runtime-status] [44875] Checked functions.config() {\"config\":{}}"}}
[debug] [2020-09-07T13:56:17.805Z] [runtime-status] [44875] firebase-functions has been stubbed. {"functionsResolution":{"declared":true,"installed":true,"version":"3.11.0","resolution":"/Users/todakashinya/Desktop/web/chaochat/node_modules/firebase-functions/lib/index.js"}} {"metadata":{"emulator":{"name":"functions"},"message":"[runtime-status] [44875] firebase-functions has been stubbed. {\"functionsResolution\":{\"declared\":true,\"installed\":true,\"version\":\"3.11.0\",\"resolution\":\"/Users/todakashinya/Desktop/web/chaochat/node_modules/firebase-functions/lib/index.js\"}}"}}
[debug] [2020-09-07T13:56:17.805Z] [runtime-status] [44875] Resolved module firebase-functions {"declared":true,"installed":true,"version":"3.11.0","resolution":"/Users/todakashinya/Desktop/web/chaochat/node_modules/firebase-functions/lib/index.js"} {"metadata":{"emulator":{"name":"functions"},"message":"[runtime-status] [44875] Resolved module firebase-functions {\"declared\":true,\"installed\":true,\"version\":\"3.11.0\",\"resolution\":\"/Users/todakashinya/Desktop/web/chaochat/node_modules/firebase-functions/lib/index.js\"}"}}
[debug] [2020-09-07T13:56:17.807Z] [runtime-status] [44875] Resolved module firebase-admin {"declared":true,"installed":true,"version":"9.1.1","resolution":"/Users/todakashinya/Desktop/web/chaochat/node_modules/firebase-admin/lib/index.js"} {"metadata":{"emulator":{"name":"functions"},"message":"[runtime-status] [44875] Resolved module firebase-admin {\"declared\":true,\"installed\":true,\"version\":\"9.1.1\",\"resolution\":\"/Users/todakashinya/Desktop/web/chaochat/node_modules/firebase-admin/lib/index.js\"}"}}
[debug] [2020-09-07T13:56:17.810Z] [runtime-status] [44875] Resolved module firebase-functions {"declared":true,"installed":true,"version":"3.11.0","resolution":"/Users/todakashinya/Desktop/web/chaochat/node_modules/firebase-functions/lib/index.js"} {"metadata":{"emulator":{"name":"functions"},"message":"[runtime-status] [44875] Resolved module firebase-functions {\"declared\":true,\"installed\":true,\"version\":\"3.11.0\",\"resolution\":\"/Users/todakashinya/Desktop/web/chaochat/node_modules/firebase-functions/lib/index.js\"}"}}
[debug] [2020-09-07T13:56:17.811Z] [runtime-status] [44875] firebase-admin has been stubbed. {"adminResolution":{"declared":true,"installed":true,"version":"9.1.1","resolution":"/Users/todakashinya/Desktop/web/chaochat/node_modules/firebase-admin/lib/index.js"}} {"metadata":{"emulator":{"name":"functions"},"message":"[runtime-status] [44875] firebase-admin has been stubbed. {\"adminResolution\":{\"declared\":true,\"installed\":true,\"version\":\"9.1.1\",\"resolution\":\"/Users/todakashinya/Desktop/web/chaochat/node_modules/firebase-admin/lib/index.js\"}}"}}
[warn] ⚠  Error: Could not find a valid build in the '/Users/todakashinya/Desktop/web/chaochat/.next' directory! Try building your app with 'next build' before starting the server.
    at Server.readBuildId (/Users/todakashinya/Desktop/web/chaochat/node_modules/next/dist/next-server/server/next-server.js:113:355)
    at new Server (/Users/todakashinya/Desktop/web/chaochat/node_modules/next/dist/next-server/server/next-server.js:3:120)
    at Object.createServer [as default] (/Users/todakashinya/Desktop/web/chaochat/node_modules/next/dist/server/next.js:2:638)
    at Object.<anonymous> (/Users/todakashinya/Desktop/web/chaochat/dist/index.js:31:36)
    at Module._compile (internal/modules/cjs/loader.js:778:30)
    at Object.Module._extensions..js (internal/modules/cjs/loader.js:789:10)
    at Module.load (internal/modules/cjs/loader.js:653:32)
    at tryModuleLoad (internal/modules/cjs/loader.js:593:12)
    at Function.Module._load (internal/modules/cjs/loader.js:585:3)
    at Module.require (internal/modules/cjs/loader.js:692:17) {"metadata":{"emulator":{"name":"functions"},"message":"Error: Could not find a valid build in the '/Users/todakashinya/Desktop/web/chaochat/.next' directory! Try building your app with 'next build' before starting the server.\n    at Server.readBuildId (/Users/todakashinya/Desktop/web/chaochat/node_modules/next/dist/next-server/server/next-server.js:113:355)\n    at new Server (/Users/todakashinya/Desktop/web/chaochat/node_modules/next/dist/next-server/server/next-server.js:3:120)\n    at Object.createServer [as default] (/Users/todakashinya/Desktop/web/chaochat/node_modules/next/dist/server/next.js:2:638)\n    at Object.<anonymous> (/Users/todakashinya/Desktop/web/chaochat/dist/index.js:31:36)\n    at Module._compile (internal/modules/cjs/loader.js:778:30)\n    at Object.Module._extensions..js (internal/modules/cjs/loader.js:789:10)\n    at Module.load (internal/modules/cjs/loader.js:653:32)\n    at tryModuleLoad (internal/modules/cjs/loader.js:593:12)\n    at Function.Module._load (internal/modules/cjs/loader.js:585:3)\n    at Module.require (internal/modules/cjs/loader.js:692:17)"}}
[warn] ⚠  We were unable to load your functions code. (see above)
   - You may be able to run "npm run build" in your functions directory to resolve this. {"metadata":{"emulator":{"name":"functions"}}}
[debug] [2020-09-07T13:56:17.996Z] [worker-~diagnostic~-fcbd6c4f-4fec-4496-bafe-a29c5f0f81ef]: exited {"metadata":{"emulator":{"name":"functions"},"message":"[worker-~diagnostic~-fcbd6c4f-4fec-4496-bafe-a29c5f0f81ef]: exited"}}
[debug] [2020-09-07T13:56:17.996Z] [worker-~diagnostic~-fcbd6c4f-4fec-4496-bafe-a29c5f0f81ef]: FINISHED {"metadata":{"emulator":{"name":"functions"},"message":"[worker-~diagnostic~-fcbd6c4f-4fec-4496-bafe-a29c5f0f81ef]: FINISHED"}}
[debug] [2020-09-07T13:57:38.524Z] File /Users/todakashinya/Desktop/web/chaochat/frontend/next.config.js changed, reloading triggers {"metadata":{"emulator":{"name":"functions"},"message":"File /Users/todakashinya/Desktop/web/chaochat/frontend/next.config.js changed, reloading triggers"}}
[debug] [2020-09-07T13:57:39.529Z] [worker-pool] Cleaned up workers for ~diagnostic~: 1 --> 0 {"metadata":{"emulator":{"name":"functions"},"message":"[worker-pool] Cleaned up workers for ~diagnostic~: 1 --> 0"}}
[debug] [2020-09-07T13:57:39.538Z] [worker-pool] addWorker(~diagnostic~) {"metadata":{"emulator":{"name":"functions"},"message":"[worker-pool] addWorker(~diagnostic~)"}}
[debug] [2020-09-07T13:57:39.538Z] [worker-pool] Adding worker with key ~diagnostic~, total=1 {"metadata":{"emulator":{"name":"functions"},"message":"[worker-pool] Adding worker with key ~diagnostic~, total=1"}}
[debug] [2020-09-07T13:57:39.538Z] [worker-pool] submitWork(triggerId=) {"metadata":{"emulator":{"name":"functions"},"message":"[worker-pool] submitWork(triggerId=)"}}
[debug] [2020-09-07T13:57:39.539Z] [worker-~diagnostic~-9335659e-469e-418c-a4e5-19a9996c97bc]: Assigning socketPath: /var/folders/s4/827qky2119bg4cxbvxjwlcl00000gn/T/fire_emu_45840.sock {"metadata":{"emulator":{"name":"functions"},"message":"[worker-~diagnostic~-9335659e-469e-418c-a4e5-19a9996c97bc]: Assigning socketPath: /var/folders/s4/827qky2119bg4cxbvxjwlcl00000gn/T/fire_emu_45840.sock"}}
[debug] [2020-09-07T13:57:39.539Z] [worker-~diagnostic~-9335659e-469e-418c-a4e5-19a9996c97bc]: BUSY {"metadata":{"emulator":{"name":"functions"},"message":"[worker-~diagnostic~-9335659e-469e-418c-a4e5-19a9996c97bc]: BUSY"}}
[debug] [2020-09-07T13:57:41.206Z] [runtime-status] [45840] Functions runtime initialized. {"cwd":"/Users/todakashinya/Desktop/web/chaochat","node_version":"10.17.0"} {"metadata":{"emulator":{"name":"functions"},"message":"[runtime-status] [45840] Functions runtime initialized. {\"cwd\":\"/Users/todakashinya/Desktop/web/chaochat\",\"node_version\":\"10.17.0\"}"}}
[debug] [2020-09-07T13:57:41.213Z] [runtime-status] [45840] Disabled runtime features: undefined {"metadata":{"emulator":{"name":"functions"},"message":"[runtime-status] [45840] Disabled runtime features: undefined"}}
[debug] [2020-09-07T13:57:41.224Z] [runtime-status] [45840] Resolved module firebase-admin {"declared":true,"installed":true,"version":"9.1.1","resolution":"/Users/todakashinya/Desktop/web/chaochat/node_modules/firebase-admin/lib/index.js"} {"metadata":{"emulator":{"name":"functions"},"message":"[runtime-status] [45840] Resolved module firebase-admin {\"declared\":true,\"installed\":true,\"version\":\"9.1.1\",\"resolution\":\"/Users/todakashinya/Desktop/web/chaochat/node_modules/firebase-admin/lib/index.js\"}"}}
[debug] [2020-09-07T13:57:41.227Z] [runtime-status] [45840] Resolved module firebase-functions {"declared":true,"installed":true,"version":"3.11.0","resolution":"/Users/todakashinya/Desktop/web/chaochat/node_modules/firebase-functions/lib/index.js"} {"metadata":{"emulator":{"name":"functions"},"message":"[runtime-status] [45840] Resolved module firebase-functions {\"declared\":true,\"installed\":true,\"version\":\"3.11.0\",\"resolution\":\"/Users/todakashinya/Desktop/web/chaochat/node_modules/firebase-functions/lib/index.js\"}"}}
[debug] [2020-09-07T13:57:41.228Z] [runtime-status] [45840] Resolved module firebase-functions {"declared":true,"installed":true,"version":"3.11.0","resolution":"/Users/todakashinya/Desktop/web/chaochat/node_modules/firebase-functions/lib/index.js"} {"metadata":{"emulator":{"name":"functions"},"message":"[runtime-status] [45840] Resolved module firebase-functions {\"declared\":true,\"installed\":true,\"version\":\"3.11.0\",\"resolution\":\"/Users/todakashinya/Desktop/web/chaochat/node_modules/firebase-functions/lib/index.js\"}"}}
[debug] [2020-09-07T13:57:41.239Z] [runtime-status] [45840] Outgoing network have been stubbed. [{"name":"http","status":"mocked"},{"name":"http","status":"mocked"},{"name":"https","status":"mocked"},{"name":"https","status":"mocked"},{"name":"net","status":"mocked"}] {"metadata":{"emulator":{"name":"functions"},"message":"[runtime-status] [45840] Outgoing network have been stubbed. [{\"name\":\"http\",\"status\":\"mocked\"},{\"name\":\"http\",\"status\":\"mocked\"},{\"name\":\"https\",\"status\":\"mocked\"},{\"name\":\"https\",\"status\":\"mocked\"},{\"name\":\"net\",\"status\":\"mocked\"}]"}}
[debug] [2020-09-07T13:57:41.239Z] [runtime-status] [45840] Resolved module firebase-functions {"declared":true,"installed":true,"version":"3.11.0","resolution":"/Users/todakashinya/Desktop/web/chaochat/node_modules/firebase-functions/lib/index.js"} {"metadata":{"emulator":{"name":"functions"},"message":"[runtime-status] [45840] Resolved module firebase-functions {\"declared\":true,\"installed\":true,\"version\":\"3.11.0\",\"resolution\":\"/Users/todakashinya/Desktop/web/chaochat/node_modules/firebase-functions/lib/index.js\"}"}}
[debug] [2020-09-07T13:57:41.300Z] [runtime-status] [45840] Checked functions.config() {"config":{}} {"metadata":{"emulator":{"name":"functions"},"message":"[runtime-status] [45840] Checked functions.config() {\"config\":{}}"}}
[debug] [2020-09-07T13:57:41.301Z] [runtime-status] [45840] firebase-functions has been stubbed. {"functionsResolution":{"declared":true,"installed":true,"version":"3.11.0","resolution":"/Users/todakashinya/Desktop/web/chaochat/node_modules/firebase-functions/lib/index.js"}} {"metadata":{"emulator":{"name":"functions"},"message":"[runtime-status] [45840] firebase-functions has been stubbed. {\"functionsResolution\":{\"declared\":true,\"installed\":true,\"version\":\"3.11.0\",\"resolution\":\"/Users/todakashinya/Desktop/web/chaochat/node_modules/firebase-functions/lib/index.js\"}}"}}
[debug] [2020-09-07T13:57:41.306Z] [runtime-status] [45840] Resolved module firebase-functions {"declared":true,"installed":true,"version":"3.11.0","resolution":"/Users/todakashinya/Desktop/web/chaochat/node_modules/firebase-functions/lib/index.js"} {"metadata":{"emulator":{"name":"functions"},"message":"[runtime-status] [45840] Resolved module firebase-functions {\"declared\":true,\"installed\":true,\"version\":\"3.11.0\",\"resolution\":\"/Users/todakashinya/Desktop/web/chaochat/node_modules/firebase-functions/lib/index.js\"}"}}
[debug] [2020-09-07T13:57:41.330Z] [runtime-status] [45840] Resolved module firebase-admin {"declared":true,"installed":true,"version":"9.1.1","resolution":"/Users/todakashinya/Desktop/web/chaochat/node_modules/firebase-admin/lib/index.js"} {"metadata":{"emulator":{"name":"functions"},"message":"[runtime-status] [45840] Resolved module firebase-admin {\"declared\":true,\"installed\":true,\"version\":\"9.1.1\",\"resolution\":\"/Users/todakashinya/Desktop/web/chaochat/node_modules/firebase-admin/lib/index.js\"}"}}
[debug] [2020-09-07T13:57:41.331Z] [runtime-status] [45840] Resolved module firebase-functions {"declared":true,"installed":true,"version":"3.11.0","resolution":"/Users/todakashinya/Desktop/web/chaochat/node_modules/firebase-functions/lib/index.js"} {"metadata":{"emulator":{"name":"functions"},"message":"[runtime-status] [45840] Resolved module firebase-functions {\"declared\":true,\"installed\":true,\"version\":\"3.11.0\",\"resolution\":\"/Users/todakashinya/Desktop/web/chaochat/node_modules/firebase-functions/lib/index.js\"}"}}
[debug] [2020-09-07T13:57:41.331Z] [runtime-status] [45840] firebase-admin has been stubbed. {"adminResolution":{"declared":true,"installed":true,"version":"9.1.1","resolution":"/Users/todakashinya/Desktop/web/chaochat/node_modules/firebase-admin/lib/index.js"}} {"metadata":{"emulator":{"name":"functions"},"message":"[runtime-status] [45840] firebase-admin has been stubbed. {\"adminResolution\":{\"declared\":true,\"installed\":true,\"version\":\"9.1.1\",\"resolution\":\"/Users/todakashinya/Desktop/web/chaochat/node_modules/firebase-admin/lib/index.js\"}}"}}
[warn] ⚠  Error: Could not find a valid build in the '/Users/todakashinya/Desktop/web/chaochat/.next' directory! Try building your app with 'next build' before starting the server.
    at Server.readBuildId (/Users/todakashinya/Desktop/web/chaochat/node_modules/next/dist/next-server/server/next-server.js:113:355)
    at new Server (/Users/todakashinya/Desktop/web/chaochat/node_modules/next/dist/next-server/server/next-server.js:3:120)
    at Object.createServer [as default] (/Users/todakashinya/Desktop/web/chaochat/node_modules/next/dist/server/next.js:2:638)
    at Object.<anonymous> (/Users/todakashinya/Desktop/web/chaochat/dist/index.js:31:36)
    at Module._compile (internal/modules/cjs/loader.js:778:30)
    at Object.Module._extensions..js (internal/modules/cjs/loader.js:789:10)
    at Module.load (internal/modules/cjs/loader.js:653:32)
    at tryModuleLoad (internal/modules/cjs/loader.js:593:12)
    at Function.Module._load (internal/modules/cjs/loader.js:585:3)
    at Module.require (internal/modules/cjs/loader.js:692:17) {"metadata":{"emulator":{"name":"functions"},"message":"Error: Could not find a valid build in the '/Users/todakashinya/Desktop/web/chaochat/.next' directory! Try building your app with 'next build' before starting the server.\n    at Server.readBuildId (/Users/todakashinya/Desktop/web/chaochat/node_modules/next/dist/next-server/server/next-server.js:113:355)\n    at new Server (/Users/todakashinya/Desktop/web/chaochat/node_modules/next/dist/next-server/server/next-server.js:3:120)\n    at Object.createServer [as default] (/Users/todakashinya/Desktop/web/chaochat/node_modules/next/dist/server/next.js:2:638)\n    at Object.<anonymous> (/Users/todakashinya/Desktop/web/chaochat/dist/index.js:31:36)\n    at Module._compile (internal/modules/cjs/loader.js:778:30)\n    at Object.Module._extensions..js (internal/modules/cjs/loader.js:789:10)\n    at Module.load (internal/modules/cjs/loader.js:653:32)\n    at tryModuleLoad (internal/modules/cjs/loader.js:593:12)\n    at Function.Module._load (internal/modules/cjs/loader.js:585:3)\n    at Module.require (internal/modules/cjs/loader.js:692:17)"}}
[warn] ⚠  We were unable to load your functions code. (see above)
   - You may be able to run "npm run build" in your functions directory to resolve this. {"metadata":{"emulator":{"name":"functions"}}}
[debug] [2020-09-07T13:57:41.679Z] [worker-~diagnostic~-9335659e-469e-418c-a4e5-19a9996c97bc]: exited {"metadata":{"emulator":{"name":"functions"},"message":"[worker-~diagnostic~-9335659e-469e-418c-a4e5-19a9996c97bc]: exited"}}
[debug] [2020-09-07T13:57:41.679Z] [worker-~diagnostic~-9335659e-469e-418c-a4e5-19a9996c97bc]: FINISHED {"metadata":{"emulator":{"name":"functions"},"message":"[worker-~diagnostic~-9335659e-469e-418c-a4e5-19a9996c97bc]: FINISHED"}}
[debug] [2020-09-07T13:59:18.071Z] File /Users/todakashinya/Desktop/web/chaochat/functions/index.ts changed, reloading triggers {"metadata":{"emulator":{"name":"functions"},"message":"File /Users/todakashinya/Desktop/web/chaochat/functions/index.ts changed, reloading triggers"}}
[debug] [2020-09-07T13:59:19.076Z] [worker-pool] Cleaned up workers for ~diagnostic~: 1 --> 0 {"metadata":{"emulator":{"name":"functions"},"message":"[worker-pool] Cleaned up workers for ~diagnostic~: 1 --> 0"}}
[debug] [2020-09-07T13:59:19.081Z] [worker-pool] addWorker(~diagnostic~) {"metadata":{"emulator":{"name":"functions"},"message":"[worker-pool] addWorker(~diagnostic~)"}}
[debug] [2020-09-07T13:59:19.081Z] [worker-pool] Adding worker with key ~diagnostic~, total=1 {"metadata":{"emulator":{"name":"functions"},"message":"[worker-pool] Adding worker with key ~diagnostic~, total=1"}}
[debug] [2020-09-07T13:59:19.081Z] [worker-pool] submitWork(triggerId=) {"metadata":{"emulator":{"name":"functions"},"message":"[worker-pool] submitWork(triggerId=)"}}
[debug] [2020-09-07T13:59:19.081Z] [worker-~diagnostic~-b83d5f50-9b32-41a2-abaa-479a9a9c7c2a]: Assigning socketPath: /var/folders/s4/827qky2119bg4cxbvxjwlcl00000gn/T/fire_emu_46696.sock {"metadata":{"emulator":{"name":"functions"},"message":"[worker-~diagnostic~-b83d5f50-9b32-41a2-abaa-479a9a9c7c2a]: Assigning socketPath: /var/folders/s4/827qky2119bg4cxbvxjwlcl00000gn/T/fire_emu_46696.sock"}}
[debug] [2020-09-07T13:59:19.081Z] [worker-~diagnostic~-b83d5f50-9b32-41a2-abaa-479a9a9c7c2a]: BUSY {"metadata":{"emulator":{"name":"functions"},"message":"[worker-~diagnostic~-b83d5f50-9b32-41a2-abaa-479a9a9c7c2a]: BUSY"}}
[debug] [2020-09-07T13:59:19.718Z] [runtime-status] [46696] Functions runtime initialized. {"cwd":"/Users/todakashinya/Desktop/web/chaochat","node_version":"10.17.0"} {"metadata":{"emulator":{"name":"functions"},"message":"[runtime-status] [46696] Functions runtime initialized. {\"cwd\":\"/Users/todakashinya/Desktop/web/chaochat\",\"node_version\":\"10.17.0\"}"}}
[debug] [2020-09-07T13:59:19.720Z] [runtime-status] [46696] Disabled runtime features: undefined {"metadata":{"emulator":{"name":"functions"},"message":"[runtime-status] [46696] Disabled runtime features: undefined"}}
[debug] [2020-09-07T13:59:19.723Z] [runtime-status] [46696] Resolved module firebase-admin {"declared":true,"installed":true,"version":"9.1.1","resolution":"/Users/todakashinya/Desktop/web/chaochat/node_modules/firebase-admin/lib/index.js"} {"metadata":{"emulator":{"name":"functions"},"message":"[runtime-status] [46696] Resolved module firebase-admin {\"declared\":true,\"installed\":true,\"version\":\"9.1.1\",\"resolution\":\"/Users/todakashinya/Desktop/web/chaochat/node_modules/firebase-admin/lib/index.js\"}"}}
[debug] [2020-09-07T13:59:19.724Z] [runtime-status] [46696] Resolved module firebase-functions {"declared":true,"installed":true,"version":"3.11.0","resolution":"/Users/todakashinya/Desktop/web/chaochat/node_modules/firebase-functions/lib/index.js"} {"metadata":{"emulator":{"name":"functions"},"message":"[runtime-status] [46696] Resolved module firebase-functions {\"declared\":true,\"installed\":true,\"version\":\"3.11.0\",\"resolution\":\"/Users/todakashinya/Desktop/web/chaochat/node_modules/firebase-functions/lib/index.js\"}"}}
[debug] [2020-09-07T13:59:19.725Z] [runtime-status] [46696] Resolved module firebase-functions {"declared":true,"installed":true,"version":"3.11.0","resolution":"/Users/todakashinya/Desktop/web/chaochat/node_modules/firebase-functions/lib/index.js"} {"metadata":{"emulator":{"name":"functions"},"message":"[runtime-status] [46696] Resolved module firebase-functions {\"declared\":true,\"installed\":true,\"version\":\"3.11.0\",\"resolution\":\"/Users/todakashinya/Desktop/web/chaochat/node_modules/firebase-functions/lib/index.js\"}"}}
[debug] [2020-09-07T13:59:19.729Z] [runtime-status] [46696] Outgoing network have been stubbed. [{"name":"http","status":"mocked"},{"name":"http","status":"mocked"},{"name":"https","status":"mocked"},{"name":"https","status":"mocked"},{"name":"net","status":"mocked"}] {"metadata":{"emulator":{"name":"functions"},"message":"[runtime-status] [46696] Outgoing network have been stubbed. [{\"name\":\"http\",\"status\":\"mocked\"},{\"name\":\"http\",\"status\":\"mocked\"},{\"name\":\"https\",\"status\":\"mocked\"},{\"name\":\"https\",\"status\":\"mocked\"},{\"name\":\"net\",\"status\":\"mocked\"}]"}}
[debug] [2020-09-07T13:59:19.729Z] [runtime-status] [46696] Resolved module firebase-functions {"declared":true,"installed":true,"version":"3.11.0","resolution":"/Users/todakashinya/Desktop/web/chaochat/node_modules/firebase-functions/lib/index.js"} {"metadata":{"emulator":{"name":"functions"},"message":"[runtime-status] [46696] Resolved module firebase-functions {\"declared\":true,\"installed\":true,\"version\":\"3.11.0\",\"resolution\":\"/Users/todakashinya/Desktop/web/chaochat/node_modules/firebase-functions/lib/index.js\"}"}}
[debug] [2020-09-07T13:59:19.770Z] [runtime-status] [46696] Checked functions.config() {"config":{}} {"metadata":{"emulator":{"name":"functions"},"message":"[runtime-status] [46696] Checked functions.config() {\"config\":{}}"}}
[debug] [2020-09-07T13:59:19.771Z] [runtime-status] [46696] firebase-functions has been stubbed. {"functionsResolution":{"declared":true,"installed":true,"version":"3.11.0","resolution":"/Users/todakashinya/Desktop/web/chaochat/node_modules/firebase-functions/lib/index.js"}} {"metadata":{"emulator":{"name":"functions"},"message":"[runtime-status] [46696] firebase-functions has been stubbed. {\"functionsResolution\":{\"declared\":true,\"installed\":true,\"version\":\"3.11.0\",\"resolution\":\"/Users/todakashinya/Desktop/web/chaochat/node_modules/firebase-functions/lib/index.js\"}}"}}
[debug] [2020-09-07T13:59:19.771Z] [runtime-status] [46696] Resolved module firebase-functions {"declared":true,"installed":true,"version":"3.11.0","resolution":"/Users/todakashinya/Desktop/web/chaochat/node_modules/firebase-functions/lib/index.js"} {"metadata":{"emulator":{"name":"functions"},"message":"[runtime-status] [46696] Resolved module firebase-functions {\"declared\":true,\"installed\":true,\"version\":\"3.11.0\",\"resolution\":\"/Users/todakashinya/Desktop/web/chaochat/node_modules/firebase-functions/lib/index.js\"}"}}
[debug] [2020-09-07T13:59:19.772Z] [runtime-status] [46696] Resolved module firebase-admin {"declared":true,"installed":true,"version":"9.1.1","resolution":"/Users/todakashinya/Desktop/web/chaochat/node_modules/firebase-admin/lib/index.js"} {"metadata":{"emulator":{"name":"functions"},"message":"[runtime-status] [46696] Resolved module firebase-admin {\"declared\":true,\"installed\":true,\"version\":\"9.1.1\",\"resolution\":\"/Users/todakashinya/Desktop/web/chaochat/node_modules/firebase-admin/lib/index.js\"}"}}
[debug] [2020-09-07T13:59:19.772Z] [runtime-status] [46696] Resolved module firebase-functions {"declared":true,"installed":true,"version":"3.11.0","resolution":"/Users/todakashinya/Desktop/web/chaochat/node_modules/firebase-functions/lib/index.js"} {"metadata":{"emulator":{"name":"functions"},"message":"[runtime-status] [46696] Resolved module firebase-functions {\"declared\":true,\"installed\":true,\"version\":\"3.11.0\",\"resolution\":\"/Users/todakashinya/Desktop/web/chaochat/node_modules/firebase-functions/lib/index.js\"}"}}
[debug] [2020-09-07T13:59:19.772Z] [runtime-status] [46696] firebase-admin has been stubbed. {"adminResolution":{"declared":true,"installed":true,"version":"9.1.1","resolution":"/Users/todakashinya/Desktop/web/chaochat/node_modules/firebase-admin/lib/index.js"}} {"metadata":{"emulator":{"name":"functions"},"message":"[runtime-status] [46696] firebase-admin has been stubbed. {\"adminResolution\":{\"declared\":true,\"installed\":true,\"version\":\"9.1.1\",\"resolution\":\"/Users/todakashinya/Desktop/web/chaochat/node_modules/firebase-admin/lib/index.js\"}}"}}
[warn] ⚠  Error: Could not find a valid build in the '/Users/todakashinya/Desktop/web/chaochat/.next' directory! Try building your app with 'next build' before starting the server.
    at Server.readBuildId (/Users/todakashinya/Desktop/web/chaochat/node_modules/next/dist/next-server/server/next-server.js:113:355)
    at new Server (/Users/todakashinya/Desktop/web/chaochat/node_modules/next/dist/next-server/server/next-server.js:3:120)
    at Object.createServer [as default] (/Users/todakashinya/Desktop/web/chaochat/node_modules/next/dist/server/next.js:2:638)
    at Object.<anonymous> (/Users/todakashinya/Desktop/web/chaochat/dist/index.js:31:36)
    at Module._compile (internal/modules/cjs/loader.js:778:30)
    at Object.Module._extensions..js (internal/modules/cjs/loader.js:789:10)
    at Module.load (internal/modules/cjs/loader.js:653:32)
    at tryModuleLoad (internal/modules/cjs/loader.js:593:12)
    at Function.Module._load (internal/modules/cjs/loader.js:585:3)
    at Module.require (internal/modules/cjs/loader.js:692:17) {"metadata":{"emulator":{"name":"functions"},"message":"Error: Could not find a valid build in the '/Users/todakashinya/Desktop/web/chaochat/.next' directory! Try building your app with 'next build' before starting the server.\n    at Server.readBuildId (/Users/todakashinya/Desktop/web/chaochat/node_modules/next/dist/next-server/server/next-server.js:113:355)\n    at new Server (/Users/todakashinya/Desktop/web/chaochat/node_modules/next/dist/next-server/server/next-server.js:3:120)\n    at Object.createServer [as default] (/Users/todakashinya/Desktop/web/chaochat/node_modules/next/dist/server/next.js:2:638)\n    at Object.<anonymous> (/Users/todakashinya/Desktop/web/chaochat/dist/index.js:31:36)\n    at Module._compile (internal/modules/cjs/loader.js:778:30)\n    at Object.Module._extensions..js (internal/modules/cjs/loader.js:789:10)\n    at Module.load (internal/modules/cjs/loader.js:653:32)\n    at tryModuleLoad (internal/modules/cjs/loader.js:593:12)\n    at Function.Module._load (internal/modules/cjs/loader.js:585:3)\n    at Module.require (internal/modules/cjs/loader.js:692:17)"}}
[warn] ⚠  We were unable to load your functions code. (see above)
   - You may be able to run "npm run build" in your functions directory to resolve this. {"metadata":{"emulator":{"name":"functions"}}}
[debug] [2020-09-07T13:59:19.989Z] [worker-~diagnostic~-b83d5f50-9b32-41a2-abaa-479a9a9c7c2a]: exited {"metadata":{"emulator":{"name":"functions"},"message":"[worker-~diagnostic~-b83d5f50-9b32-41a2-abaa-479a9a9c7c2a]: exited"}}
[debug] [2020-09-07T13:59:19.989Z] [worker-~diagnostic~-b83d5f50-9b32-41a2-abaa-479a9a9c7c2a]: FINISHED {"metadata":{"emulator":{"name":"functions"},"message":"[worker-~diagnostic~-b83d5f50-9b32-41a2-abaa-479a9a9c7c2a]: FINISHED"}}
[debug] [2020-09-07T13:59:24.048Z] File /Users/todakashinya/Desktop/web/chaochat/frontend/next.config.js changed, reloading triggers {"metadata":{"emulator":{"name":"functions"},"message":"File /Users/todakashinya/Desktop/web/chaochat/frontend/next.config.js changed, reloading triggers"}}
[debug] [2020-09-07T13:59:25.052Z] [worker-pool] Cleaned up workers for ~diagnostic~: 1 --> 0 {"metadata":{"emulator":{"name":"functions"},"message":"[worker-pool] Cleaned up workers for ~diagnostic~: 1 --> 0"}}
[debug] [2020-09-07T13:59:25.059Z] [worker-pool] addWorker(~diagnostic~) {"metadata":{"emulator":{"name":"functions"},"message":"[worker-pool] addWorker(~diagnostic~)"}}
[debug] [2020-09-07T13:59:25.059Z] [worker-pool] Adding worker with key ~diagnostic~, total=1 {"metadata":{"emulator":{"name":"functions"},"message":"[worker-pool] Adding worker with key ~diagnostic~, total=1"}}
[debug] [2020-09-07T13:59:25.059Z] [worker-pool] submitWork(triggerId=) {"metadata":{"emulator":{"name":"functions"},"message":"[worker-pool] submitWork(triggerId=)"}}
[debug] [2020-09-07T13:59:25.059Z] [worker-~diagnostic~-41890af2-747d-4147-a755-0e4c49147454]: Assigning socketPath: /var/folders/s4/827qky2119bg4cxbvxjwlcl00000gn/T/fire_emu_46735.sock {"metadata":{"emulator":{"name":"functions"},"message":"[worker-~diagnostic~-41890af2-747d-4147-a755-0e4c49147454]: Assigning socketPath: /var/folders/s4/827qky2119bg4cxbvxjwlcl00000gn/T/fire_emu_46735.sock"}}
[debug] [2020-09-07T13:59:25.060Z] [worker-~diagnostic~-41890af2-747d-4147-a755-0e4c49147454]: BUSY {"metadata":{"emulator":{"name":"functions"},"message":"[worker-~diagnostic~-41890af2-747d-4147-a755-0e4c49147454]: BUSY"}}
[debug] [2020-09-07T13:59:25.529Z] [runtime-status] [46735] Functions runtime initialized. {"cwd":"/Users/todakashinya/Desktop/web/chaochat","node_version":"10.17.0"} {"metadata":{"emulator":{"name":"functions"},"message":"[runtime-status] [46735] Functions runtime initialized. {\"cwd\":\"/Users/todakashinya/Desktop/web/chaochat\",\"node_version\":\"10.17.0\"}"}}
[debug] [2020-09-07T13:59:25.532Z] [runtime-status] [46735] Disabled runtime features: undefined {"metadata":{"emulator":{"name":"functions"},"message":"[runtime-status] [46735] Disabled runtime features: undefined"}}
[debug] [2020-09-07T13:59:25.536Z] [runtime-status] [46735] Resolved module firebase-admin {"declared":true,"installed":true,"version":"9.1.1","resolution":"/Users/todakashinya/Desktop/web/chaochat/node_modules/firebase-admin/lib/index.js"} {"metadata":{"emulator":{"name":"functions"},"message":"[runtime-status] [46735] Resolved module firebase-admin {\"declared\":true,\"installed\":true,\"version\":\"9.1.1\",\"resolution\":\"/Users/todakashinya/Desktop/web/chaochat/node_modules/firebase-admin/lib/index.js\"}"}}
[debug] [2020-09-07T13:59:25.538Z] [runtime-status] [46735] Resolved module firebase-functions {"declared":true,"installed":true,"version":"3.11.0","resolution":"/Users/todakashinya/Desktop/web/chaochat/node_modules/firebase-functions/lib/index.js"} {"metadata":{"emulator":{"name":"functions"},"message":"[runtime-status] [46735] Resolved module firebase-functions {\"declared\":true,\"installed\":true,\"version\":\"3.11.0\",\"resolution\":\"/Users/todakashinya/Desktop/web/chaochat/node_modules/firebase-functions/lib/index.js\"}"}}
[debug] [2020-09-07T13:59:25.539Z] [runtime-status] [46735] Resolved module firebase-functions {"declared":true,"installed":true,"version":"3.11.0","resolution":"/Users/todakashinya/Desktop/web/chaochat/node_modules/firebase-functions/lib/index.js"} {"metadata":{"emulator":{"name":"functions"},"message":"[runtime-status] [46735] Resolved module firebase-functions {\"declared\":true,\"installed\":true,\"version\":\"3.11.0\",\"resolution\":\"/Users/todakashinya/Desktop/web/chaochat/node_modules/firebase-functions/lib/index.js\"}"}}
[debug] [2020-09-07T13:59:25.546Z] [runtime-status] [46735] Outgoing network have been stubbed. [{"name":"http","status":"mocked"},{"name":"http","status":"mocked"},{"name":"https","status":"mocked"},{"name":"https","status":"mocked"},{"name":"net","status":"mocked"}] {"metadata":{"emulator":{"name":"functions"},"message":"[runtime-status] [46735] Outgoing network have been stubbed. [{\"name\":\"http\",\"status\":\"mocked\"},{\"name\":\"http\",\"status\":\"mocked\"},{\"name\":\"https\",\"status\":\"mocked\"},{\"name\":\"https\",\"status\":\"mocked\"},{\"name\":\"net\",\"status\":\"mocked\"}]"}}
[debug] [2020-09-07T13:59:25.547Z] [runtime-status] [46735] Resolved module firebase-functions {"declared":true,"installed":true,"version":"3.11.0","resolution":"/Users/todakashinya/Desktop/web/chaochat/node_modules/firebase-functions/lib/index.js"} {"metadata":{"emulator":{"name":"functions"},"message":"[runtime-status] [46735] Resolved module firebase-functions {\"declared\":true,\"installed\":true,\"version\":\"3.11.0\",\"resolution\":\"/Users/todakashinya/Desktop/web/chaochat/node_modules/firebase-functions/lib/index.js\"}"}}
[debug] [2020-09-07T13:59:25.582Z] [runtime-status] [46735] Checked functions.config() {"config":{}} {"metadata":{"emulator":{"name":"functions"},"message":"[runtime-status] [46735] Checked functions.config() {\"config\":{}}"}}
[debug] [2020-09-07T13:59:25.584Z] [runtime-status] [46735] firebase-functions has been stubbed. {"functionsResolution":{"declared":true,"installed":true,"version":"3.11.0","resolution":"/Users/todakashinya/Desktop/web/chaochat/node_modules/firebase-functions/lib/index.js"}} {"metadata":{"emulator":{"name":"functions"},"message":"[runtime-status] [46735] firebase-functions has been stubbed. {\"functionsResolution\":{\"declared\":true,\"installed\":true,\"version\":\"3.11.0\",\"resolution\":\"/Users/todakashinya/Desktop/web/chaochat/node_modules/firebase-functions/lib/index.js\"}}"}}
[debug] [2020-09-07T13:59:25.585Z] [runtime-status] [46735] Resolved module firebase-functions {"declared":true,"installed":true,"version":"3.11.0","resolution":"/Users/todakashinya/Desktop/web/chaochat/node_modules/firebase-functions/lib/index.js"} {"metadata":{"emulator":{"name":"functions"},"message":"[runtime-status] [46735] Resolved module firebase-functions {\"declared\":true,\"installed\":true,\"version\":\"3.11.0\",\"resolution\":\"/Users/todakashinya/Desktop/web/chaochat/node_modules/firebase-functions/lib/index.js\"}"}}
[debug] [2020-09-07T13:59:25.586Z] [runtime-status] [46735] Resolved module firebase-admin {"declared":true,"installed":true,"version":"9.1.1","resolution":"/Users/todakashinya/Desktop/web/chaochat/node_modules/firebase-admin/lib/index.js"} {"metadata":{"emulator":{"name":"functions"},"message":"[runtime-status] [46735] Resolved module firebase-admin {\"declared\":true,\"installed\":true,\"version\":\"9.1.1\",\"resolution\":\"/Users/todakashinya/Desktop/web/chaochat/node_modules/firebase-admin/lib/index.js\"}"}}
[debug] [2020-09-07T13:59:25.587Z] [runtime-status] [46735] Resolved module firebase-functions {"declared":true,"installed":true,"version":"3.11.0","resolution":"/Users/todakashinya/Desktop/web/chaochat/node_modules/firebase-functions/lib/index.js"} {"metadata":{"emulator":{"name":"functions"},"message":"[runtime-status] [46735] Resolved module firebase-functions {\"declared\":true,\"installed\":true,\"version\":\"3.11.0\",\"resolution\":\"/Users/todakashinya/Desktop/web/chaochat/node_modules/firebase-functions/lib/index.js\"}"}}
[debug] [2020-09-07T13:59:25.588Z] [runtime-status] [46735] firebase-admin has been stubbed. {"adminResolution":{"declared":true,"installed":true,"version":"9.1.1","resolution":"/Users/todakashinya/Desktop/web/chaochat/node_modules/firebase-admin/lib/index.js"}} {"metadata":{"emulator":{"name":"functions"},"message":"[runtime-status] [46735] firebase-admin has been stubbed. {\"adminResolution\":{\"declared\":true,\"installed\":true,\"version\":\"9.1.1\",\"resolution\":\"/Users/todakashinya/Desktop/web/chaochat/node_modules/firebase-admin/lib/index.js\"}}"}}
[warn] ⚠  Error: Could not find a valid build in the '/Users/todakashinya/Desktop/web/chaochat/.next' directory! Try building your app with 'next build' before starting the server.
    at Server.readBuildId (/Users/todakashinya/Desktop/web/chaochat/node_modules/next/dist/next-server/server/next-server.js:113:355)
    at new Server (/Users/todakashinya/Desktop/web/chaochat/node_modules/next/dist/next-server/server/next-server.js:3:120)
    at Object.createServer [as default] (/Users/todakashinya/Desktop/web/chaochat/node_modules/next/dist/server/next.js:2:638)
    at Object.<anonymous> (/Users/todakashinya/Desktop/web/chaochat/dist/index.js:31:36)
    at Module._compile (internal/modules/cjs/loader.js:778:30)
    at Object.Module._extensions..js (internal/modules/cjs/loader.js:789:10)
    at Module.load (internal/modules/cjs/loader.js:653:32)
    at tryModuleLoad (internal/modules/cjs/loader.js:593:12)
    at Function.Module._load (internal/modules/cjs/loader.js:585:3)
    at Module.require (internal/modules/cjs/loader.js:692:17) {"metadata":{"emulator":{"name":"functions"},"message":"Error: Could not find a valid build in the '/Users/todakashinya/Desktop/web/chaochat/.next' directory! Try building your app with 'next build' before starting the server.\n    at Server.readBuildId (/Users/todakashinya/Desktop/web/chaochat/node_modules/next/dist/next-server/server/next-server.js:113:355)\n    at new Server (/Users/todakashinya/Desktop/web/chaochat/node_modules/next/dist/next-server/server/next-server.js:3:120)\n    at Object.createServer [as default] (/Users/todakashinya/Desktop/web/chaochat/node_modules/next/dist/server/next.js:2:638)\n    at Object.<anonymous> (/Users/todakashinya/Desktop/web/chaochat/dist/index.js:31:36)\n    at Module._compile (internal/modules/cjs/loader.js:778:30)\n    at Object.Module._extensions..js (internal/modules/cjs/loader.js:789:10)\n    at Module.load (internal/modules/cjs/loader.js:653:32)\n    at tryModuleLoad (internal/modules/cjs/loader.js:593:12)\n    at Function.Module._load (internal/modules/cjs/loader.js:585:3)\n    at Module.require (internal/modules/cjs/loader.js:692:17)"}}
[warn] ⚠  We were unable to load your functions code. (see above)
   - You may be able to run "npm run build" in your functions directory to resolve this. {"metadata":{"emulator":{"name":"functions"}}}
[debug] [2020-09-07T13:59:25.952Z] [worker-~diagnostic~-41890af2-747d-4147-a755-0e4c49147454]: exited {"metadata":{"emulator":{"name":"functions"},"message":"[worker-~diagnostic~-41890af2-747d-4147-a755-0e4c49147454]: exited"}}
[debug] [2020-09-07T13:59:25.952Z] [worker-~diagnostic~-41890af2-747d-4147-a755-0e4c49147454]: FINISHED {"metadata":{"emulator":{"name":"functions"},"message":"[worker-~diagnostic~-41890af2-747d-4147-a755-0e4c49147454]: FINISHED"}}
[debug] [2020-09-07T13:59:29.214Z] File /Users/todakashinya/Desktop/web/chaochat/yarn.lock changed, reloading triggers {"metadata":{"emulator":{"name":"functions"},"message":"File /Users/todakashinya/Desktop/web/chaochat/yarn.lock changed, reloading triggers"}}
[debug] [2020-09-07T13:59:30.218Z] [worker-pool] Cleaned up workers for ~diagnostic~: 1 --> 0 {"metadata":{"emulator":{"name":"functions"},"message":"[worker-pool] Cleaned up workers for ~diagnostic~: 1 --> 0"}}
[debug] [2020-09-07T13:59:30.222Z] [worker-pool] addWorker(~diagnostic~) {"metadata":{"emulator":{"name":"functions"},"message":"[worker-pool] addWorker(~diagnostic~)"}}
[debug] [2020-09-07T13:59:30.222Z] [worker-pool] Adding worker with key ~diagnostic~, total=1 {"metadata":{"emulator":{"name":"functions"},"message":"[worker-pool] Adding worker with key ~diagnostic~, total=1"}}
[debug] [2020-09-07T13:59:30.223Z] [worker-pool] submitWork(triggerId=) {"metadata":{"emulator":{"name":"functions"},"message":"[worker-pool] submitWork(triggerId=)"}}
[debug] [2020-09-07T13:59:30.223Z] [worker-~diagnostic~-6be69656-ee57-43d1-ae3f-8e99a7c6c692]: Assigning socketPath: /var/folders/s4/827qky2119bg4cxbvxjwlcl00000gn/T/fire_emu_46766.sock {"metadata":{"emulator":{"name":"functions"},"message":"[worker-~diagnostic~-6be69656-ee57-43d1-ae3f-8e99a7c6c692]: Assigning socketPath: /var/folders/s4/827qky2119bg4cxbvxjwlcl00000gn/T/fire_emu_46766.sock"}}
[debug] [2020-09-07T13:59:30.223Z] [worker-~diagnostic~-6be69656-ee57-43d1-ae3f-8e99a7c6c692]: BUSY {"metadata":{"emulator":{"name":"functions"},"message":"[worker-~diagnostic~-6be69656-ee57-43d1-ae3f-8e99a7c6c692]: BUSY"}}
[debug] [2020-09-07T13:59:30.591Z] [runtime-status] [46766] Functions runtime initialized. {"cwd":"/Users/todakashinya/Desktop/web/chaochat","node_version":"10.17.0"} {"metadata":{"emulator":{"name":"functions"},"message":"[runtime-status] [46766] Functions runtime initialized. {\"cwd\":\"/Users/todakashinya/Desktop/web/chaochat\",\"node_version\":\"10.17.0\"}"}}
[debug] [2020-09-07T13:59:30.599Z] [runtime-status] [46766] Disabled runtime features: undefined {"metadata":{"emulator":{"name":"functions"},"message":"[runtime-status] [46766] Disabled runtime features: undefined"}}
[debug] [2020-09-07T13:59:30.603Z] [runtime-status] [46766] Resolved module firebase-admin {"declared":true,"installed":true,"version":"9.1.1","resolution":"/Users/todakashinya/Desktop/web/chaochat/node_modules/firebase-admin/lib/index.js"} {"metadata":{"emulator":{"name":"functions"},"message":"[runtime-status] [46766] Resolved module firebase-admin {\"declared\":true,\"installed\":true,\"version\":\"9.1.1\",\"resolution\":\"/Users/todakashinya/Desktop/web/chaochat/node_modules/firebase-admin/lib/index.js\"}"}}
[debug] [2020-09-07T13:59:30.605Z] [runtime-status] [46766] Resolved module firebase-functions {"declared":true,"installed":true,"version":"3.11.0","resolution":"/Users/todakashinya/Desktop/web/chaochat/node_modules/firebase-functions/lib/index.js"} {"metadata":{"emulator":{"name":"functions"},"message":"[runtime-status] [46766] Resolved module firebase-functions {\"declared\":true,\"installed\":true,\"version\":\"3.11.0\",\"resolution\":\"/Users/todakashinya/Desktop/web/chaochat/node_modules/firebase-functions/lib/index.js\"}"}}
[debug] [2020-09-07T13:59:30.606Z] [runtime-status] [46766] Resolved module firebase-functions {"declared":true,"installed":true,"version":"3.11.0","resolution":"/Users/todakashinya/Desktop/web/chaochat/node_modules/firebase-functions/lib/index.js"} {"metadata":{"emulator":{"name":"functions"},"message":"[runtime-status] [46766] Resolved module firebase-functions {\"declared\":true,\"installed\":true,\"version\":\"3.11.0\",\"resolution\":\"/Users/todakashinya/Desktop/web/chaochat/node_modules/firebase-functions/lib/index.js\"}"}}
[debug] [2020-09-07T13:59:30.611Z] [runtime-status] [46766] Outgoing network have been stubbed. [{"name":"http","status":"mocked"},{"name":"http","status":"mocked"},{"name":"https","status":"mocked"},{"name":"https","status":"mocked"},{"name":"net","status":"mocked"}] {"metadata":{"emulator":{"name":"functions"},"message":"[runtime-status] [46766] Outgoing network have been stubbed. [{\"name\":\"http\",\"status\":\"mocked\"},{\"name\":\"http\",\"status\":\"mocked\"},{\"name\":\"https\",\"status\":\"mocked\"},{\"name\":\"https\",\"status\":\"mocked\"},{\"name\":\"net\",\"status\":\"mocked\"}]"}}
[debug] [2020-09-07T13:59:30.612Z] [runtime-status] [46766] Resolved module firebase-functions {"declared":true,"installed":true,"version":"3.11.0","resolution":"/Users/todakashinya/Desktop/web/chaochat/node_modules/firebase-functions/lib/index.js"} {"metadata":{"emulator":{"name":"functions"},"message":"[runtime-status] [46766] Resolved module firebase-functions {\"declared\":true,\"installed\":true,\"version\":\"3.11.0\",\"resolution\":\"/Users/todakashinya/Desktop/web/chaochat/node_modules/firebase-functions/lib/index.js\"}"}}
[debug] [2020-09-07T13:59:30.650Z] [runtime-status] [46766] Checked functions.config() {"config":{}} {"metadata":{"emulator":{"name":"functions"},"message":"[runtime-status] [46766] Checked functions.config() {\"config\":{}}"}}
[debug] [2020-09-07T13:59:30.650Z] [runtime-status] [46766] firebase-functions has been stubbed. {"functionsResolution":{"declared":true,"installed":true,"version":"3.11.0","resolution":"/Users/todakashinya/Desktop/web/chaochat/node_modules/firebase-functions/lib/index.js"}} {"metadata":{"emulator":{"name":"functions"},"message":"[runtime-status] [46766] firebase-functions has been stubbed. {\"functionsResolution\":{\"declared\":true,\"installed\":true,\"version\":\"3.11.0\",\"resolution\":\"/Users/todakashinya/Desktop/web/chaochat/node_modules/firebase-functions/lib/index.js\"}}"}}
[debug] [2020-09-07T13:59:30.650Z] [runtime-status] [46766] Resolved module firebase-functions {"declared":true,"installed":true,"version":"3.11.0","resolution":"/Users/todakashinya/Desktop/web/chaochat/node_modules/firebase-functions/lib/index.js"} {"metadata":{"emulator":{"name":"functions"},"message":"[runtime-status] [46766] Resolved module firebase-functions {\"declared\":true,\"installed\":true,\"version\":\"3.11.0\",\"resolution\":\"/Users/todakashinya/Desktop/web/chaochat/node_modules/firebase-functions/lib/index.js\"}"}}
[debug] [2020-09-07T13:59:30.651Z] [runtime-status] [46766] Resolved module firebase-admin {"declared":true,"installed":true,"version":"9.1.1","resolution":"/Users/todakashinya/Desktop/web/chaochat/node_modules/firebase-admin/lib/index.js"} {"metadata":{"emulator":{"name":"functions"},"message":"[runtime-status] [46766] Resolved module firebase-admin {\"declared\":true,\"installed\":true,\"version\":\"9.1.1\",\"resolution\":\"/Users/todakashinya/Desktop/web/chaochat/node_modules/firebase-admin/lib/index.js\"}"}}
[debug] [2020-09-07T13:59:30.652Z] [runtime-status] [46766] Resolved module firebase-functions {"declared":true,"installed":true,"version":"3.11.0","resolution":"/Users/todakashinya/Desktop/web/chaochat/node_modules/firebase-functions/lib/index.js"} {"metadata":{"emulator":{"name":"functions"},"message":"[runtime-status] [46766] Resolved module firebase-functions {\"declared\":true,\"installed\":true,\"version\":\"3.11.0\",\"resolution\":\"/Users/todakashinya/Desktop/web/chaochat/node_modules/firebase-functions/lib/index.js\"}"}}
[debug] [2020-09-07T13:59:30.652Z] [runtime-status] [46766] firebase-admin has been stubbed. {"adminResolution":{"declared":true,"installed":true,"version":"9.1.1","resolution":"/Users/todakashinya/Desktop/web/chaochat/node_modules/firebase-admin/lib/index.js"}} {"metadata":{"emulator":{"name":"functions"},"message":"[runtime-status] [46766] firebase-admin has been stubbed. {\"adminResolution\":{\"declared\":true,\"installed\":true,\"version\":\"9.1.1\",\"resolution\":\"/Users/todakashinya/Desktop/web/chaochat/node_modules/firebase-admin/lib/index.js\"}}"}}
[warn] ⚠  Error: Could not find a valid build in the '/Users/todakashinya/Desktop/web/chaochat/.next' directory! Try building your app with 'next build' before starting the server.
    at Server.readBuildId (/Users/todakashinya/Desktop/web/chaochat/node_modules/next/dist/next-server/server/next-server.js:113:355)
    at new Server (/Users/todakashinya/Desktop/web/chaochat/node_modules/next/dist/next-server/server/next-server.js:3:120)
    at Object.createServer [as default] (/Users/todakashinya/Desktop/web/chaochat/node_modules/next/dist/server/next.js:2:638)
    at Object.<anonymous> (/Users/todakashinya/Desktop/web/chaochat/dist/index.js:31:36)
    at Module._compile (internal/modules/cjs/loader.js:778:30)
    at Object.Module._extensions..js (internal/modules/cjs/loader.js:789:10)
    at Module.load (internal/modules/cjs/loader.js:653:32)
    at tryModuleLoad (internal/modules/cjs/loader.js:593:12)
    at Function.Module._load (internal/modules/cjs/loader.js:585:3)
    at Module.require (internal/modules/cjs/loader.js:692:17) {"metadata":{"emulator":{"name":"functions"},"message":"Error: Could not find a valid build in the '/Users/todakashinya/Desktop/web/chaochat/.next' directory! Try building your app with 'next build' before starting the server.\n    at Server.readBuildId (/Users/todakashinya/Desktop/web/chaochat/node_modules/next/dist/next-server/server/next-server.js:113:355)\n    at new Server (/Users/todakashinya/Desktop/web/chaochat/node_modules/next/dist/next-server/server/next-server.js:3:120)\n    at Object.createServer [as default] (/Users/todakashinya/Desktop/web/chaochat/node_modules/next/dist/server/next.js:2:638)\n    at Object.<anonymous> (/Users/todakashinya/Desktop/web/chaochat/dist/index.js:31:36)\n    at Module._compile (internal/modules/cjs/loader.js:778:30)\n    at Object.Module._extensions..js (internal/modules/cjs/loader.js:789:10)\n    at Module.load (internal/modules/cjs/loader.js:653:32)\n    at tryModuleLoad (internal/modules/cjs/loader.js:593:12)\n    at Function.Module._load (internal/modules/cjs/loader.js:585:3)\n    at Module.require (internal/modules/cjs/loader.js:692:17)"}}
[warn] ⚠  We were unable to load your functions code. (see above)
   - You may be able to run "npm run build" in your functions directory to resolve this. {"metadata":{"emulator":{"name":"functions"}}}
[debug] [2020-09-07T13:59:30.802Z] [worker-~diagnostic~-6be69656-ee57-43d1-ae3f-8e99a7c6c692]: exited {"metadata":{"emulator":{"name":"functions"},"message":"[worker-~diagnostic~-6be69656-ee57-43d1-ae3f-8e99a7c6c692]: exited"}}
[debug] [2020-09-07T13:59:30.802Z] [worker-~diagnostic~-6be69656-ee57-43d1-ae3f-8e99a7c6c692]: FINISHED {"metadata":{"emulator":{"name":"functions"},"message":"[worker-~diagnostic~-6be69656-ee57-43d1-ae3f-8e99a7c6c692]: FINISHED"}}
[debug] [2020-09-07T13:59:34.125Z] File /Users/todakashinya/Desktop/web/chaochat/package.json changed, reloading triggers {"metadata":{"emulator":{"name":"functions"},"message":"File /Users/todakashinya/Desktop/web/chaochat/package.json changed, reloading triggers"}}
[debug] [2020-09-07T13:59:35.126Z] [worker-pool] Cleaned up workers for ~diagnostic~: 1 --> 0 {"metadata":{"emulator":{"name":"functions"},"message":"[worker-pool] Cleaned up workers for ~diagnostic~: 1 --> 0"}}
[debug] [2020-09-07T13:59:35.134Z] [worker-pool] addWorker(~diagnostic~) {"metadata":{"emulator":{"name":"functions"},"message":"[worker-pool] addWorker(~diagnostic~)"}}
[debug] [2020-09-07T13:59:35.134Z] [worker-pool] Adding worker with key ~diagnostic~, total=1 {"metadata":{"emulator":{"name":"functions"},"message":"[worker-pool] Adding worker with key ~diagnostic~, total=1"}}
[debug] [2020-09-07T13:59:35.134Z] [worker-pool] submitWork(triggerId=) {"metadata":{"emulator":{"name":"functions"},"message":"[worker-pool] submitWork(triggerId=)"}}
[debug] [2020-09-07T13:59:35.135Z] [worker-~diagnostic~-61141ce5-23c4-421e-a6d8-f77e52491290]: Assigning socketPath: /var/folders/s4/827qky2119bg4cxbvxjwlcl00000gn/T/fire_emu_46806.sock {"metadata":{"emulator":{"name":"functions"},"message":"[worker-~diagnostic~-61141ce5-23c4-421e-a6d8-f77e52491290]: Assigning socketPath: /var/folders/s4/827qky2119bg4cxbvxjwlcl00000gn/T/fire_emu_46806.sock"}}
[debug] [2020-09-07T13:59:35.135Z] [worker-~diagnostic~-61141ce5-23c4-421e-a6d8-f77e52491290]: BUSY {"metadata":{"emulator":{"name":"functions"},"message":"[worker-~diagnostic~-61141ce5-23c4-421e-a6d8-f77e52491290]: BUSY"}}
[debug] [2020-09-07T13:59:36.525Z] [runtime-status] [46806] Functions runtime initialized. {"cwd":"/Users/todakashinya/Desktop/web/chaochat","node_version":"10.17.0"} {"metadata":{"emulator":{"name":"functions"},"message":"[runtime-status] [46806] Functions runtime initialized. {\"cwd\":\"/Users/todakashinya/Desktop/web/chaochat\",\"node_version\":\"10.17.0\"}"}}
[debug] [2020-09-07T13:59:36.528Z] [runtime-status] [46806] Disabled runtime features: undefined {"metadata":{"emulator":{"name":"functions"},"message":"[runtime-status] [46806] Disabled runtime features: undefined"}}
[debug] [2020-09-07T13:59:36.537Z] [runtime-status] [46806] Resolved module firebase-admin {"declared":true,"installed":true,"version":"9.1.1","resolution":"/Users/todakashinya/Desktop/web/chaochat/node_modules/firebase-admin/lib/index.js"} {"metadata":{"emulator":{"name":"functions"},"message":"[runtime-status] [46806] Resolved module firebase-admin {\"declared\":true,\"installed\":true,\"version\":\"9.1.1\",\"resolution\":\"/Users/todakashinya/Desktop/web/chaochat/node_modules/firebase-admin/lib/index.js\"}"}}
[debug] [2020-09-07T13:59:36.539Z] [runtime-status] [46806] Resolved module firebase-functions {"declared":true,"installed":true,"version":"3.11.0","resolution":"/Users/todakashinya/Desktop/web/chaochat/node_modules/firebase-functions/lib/index.js"} {"metadata":{"emulator":{"name":"functions"},"message":"[runtime-status] [46806] Resolved module firebase-functions {\"declared\":true,\"installed\":true,\"version\":\"3.11.0\",\"resolution\":\"/Users/todakashinya/Desktop/web/chaochat/node_modules/firebase-functions/lib/index.js\"}"}}
[debug] [2020-09-07T13:59:36.540Z] [runtime-status] [46806] Resolved module firebase-functions {"declared":true,"installed":true,"version":"3.11.0","resolution":"/Users/todakashinya/Desktop/web/chaochat/node_modules/firebase-functions/lib/index.js"} {"metadata":{"emulator":{"name":"functions"},"message":"[runtime-status] [46806] Resolved module firebase-functions {\"declared\":true,\"installed\":true,\"version\":\"3.11.0\",\"resolution\":\"/Users/todakashinya/Desktop/web/chaochat/node_modules/firebase-functions/lib/index.js\"}"}}
[debug] [2020-09-07T13:59:36.553Z] [runtime-status] [46806] Outgoing network have been stubbed. [{"name":"http","status":"mocked"},{"name":"http","status":"mocked"},{"name":"https","status":"mocked"},{"name":"https","status":"mocked"},{"name":"net","status":"mocked"}] {"metadata":{"emulator":{"name":"functions"},"message":"[runtime-status] [46806] Outgoing network have been stubbed. [{\"name\":\"http\",\"status\":\"mocked\"},{\"name\":\"http\",\"status\":\"mocked\"},{\"name\":\"https\",\"status\":\"mocked\"},{\"name\":\"https\",\"status\":\"mocked\"},{\"name\":\"net\",\"status\":\"mocked\"}]"}}
[debug] [2020-09-07T13:59:36.555Z] [runtime-status] [46806] Resolved module firebase-functions {"declared":true,"installed":true,"version":"3.11.0","resolution":"/Users/todakashinya/Desktop/web/chaochat/node_modules/firebase-functions/lib/index.js"} {"metadata":{"emulator":{"name":"functions"},"message":"[runtime-status] [46806] Resolved module firebase-functions {\"declared\":true,\"installed\":true,\"version\":\"3.11.0\",\"resolution\":\"/Users/todakashinya/Desktop/web/chaochat/node_modules/firebase-functions/lib/index.js\"}"}}
[debug] [2020-09-07T13:59:36.589Z] [runtime-status] [46806] Checked functions.config() {"config":{}} {"metadata":{"emulator":{"name":"functions"},"message":"[runtime-status] [46806] Checked functions.config() {\"config\":{}}"}}
[debug] [2020-09-07T13:59:36.590Z] [runtime-status] [46806] firebase-functions has been stubbed. {"functionsResolution":{"declared":true,"installed":true,"version":"3.11.0","resolution":"/Users/todakashinya/Desktop/web/chaochat/node_modules/firebase-functions/lib/index.js"}} {"metadata":{"emulator":{"name":"functions"},"message":"[runtime-status] [46806] firebase-functions has been stubbed. {\"functionsResolution\":{\"declared\":true,\"installed\":true,\"version\":\"3.11.0\",\"resolution\":\"/Users/todakashinya/Desktop/web/chaochat/node_modules/firebase-functions/lib/index.js\"}}"}}
[debug] [2020-09-07T13:59:36.590Z] [runtime-status] [46806] Resolved module firebase-functions {"declared":true,"installed":true,"version":"3.11.0","resolution":"/Users/todakashinya/Desktop/web/chaochat/node_modules/firebase-functions/lib/index.js"} {"metadata":{"emulator":{"name":"functions"},"message":"[runtime-status] [46806] Resolved module firebase-functions {\"declared\":true,\"installed\":true,\"version\":\"3.11.0\",\"resolution\":\"/Users/todakashinya/Desktop/web/chaochat/node_modules/firebase-functions/lib/index.js\"}"}}
[debug] [2020-09-07T13:59:36.592Z] [runtime-status] [46806] Resolved module firebase-admin {"declared":true,"installed":true,"version":"9.1.1","resolution":"/Users/todakashinya/Desktop/web/chaochat/node_modules/firebase-admin/lib/index.js"} {"metadata":{"emulator":{"name":"functions"},"message":"[runtime-status] [46806] Resolved module firebase-admin {\"declared\":true,\"installed\":true,\"version\":\"9.1.1\",\"resolution\":\"/Users/todakashinya/Desktop/web/chaochat/node_modules/firebase-admin/lib/index.js\"}"}}
[debug] [2020-09-07T13:59:36.595Z] [runtime-status] [46806] Resolved module firebase-functions {"declared":true,"installed":true,"version":"3.11.0","resolution":"/Users/todakashinya/Desktop/web/chaochat/node_modules/firebase-functions/lib/index.js"} {"metadata":{"emulator":{"name":"functions"},"message":"[runtime-status] [46806] Resolved module firebase-functions {\"declared\":true,\"installed\":true,\"version\":\"3.11.0\",\"resolution\":\"/Users/todakashinya/Desktop/web/chaochat/node_modules/firebase-functions/lib/index.js\"}"}}
[debug] [2020-09-07T13:59:36.595Z] [runtime-status] [46806] firebase-admin has been stubbed. {"adminResolution":{"declared":true,"installed":true,"version":"9.1.1","resolution":"/Users/todakashinya/Desktop/web/chaochat/node_modules/firebase-admin/lib/index.js"}} {"metadata":{"emulator":{"name":"functions"},"message":"[runtime-status] [46806] firebase-admin has been stubbed. {\"adminResolution\":{\"declared\":true,\"installed\":true,\"version\":\"9.1.1\",\"resolution\":\"/Users/todakashinya/Desktop/web/chaochat/node_modules/firebase-admin/lib/index.js\"}}"}}
[warn] ⚠  Error: Could not find a valid build in the '/Users/todakashinya/Desktop/web/chaochat/.next' directory! Try building your app with 'next build' before starting the server.
    at Server.readBuildId (/Users/todakashinya/Desktop/web/chaochat/node_modules/next/dist/next-server/server/next-server.js:113:355)
    at new Server (/Users/todakashinya/Desktop/web/chaochat/node_modules/next/dist/next-server/server/next-server.js:3:120)
    at Object.createServer [as default] (/Users/todakashinya/Desktop/web/chaochat/node_modules/next/dist/server/next.js:2:638)
    at Object.<anonymous> (/Users/todakashinya/Desktop/web/chaochat/dist/index.js:31:36)
    at Module._compile (internal/modules/cjs/loader.js:778:30)
    at Object.Module._extensions..js (internal/modules/cjs/loader.js:789:10)
    at Module.load (internal/modules/cjs/loader.js:653:32)
    at tryModuleLoad (internal/modules/cjs/loader.js:593:12)
    at Function.Module._load (internal/modules/cjs/loader.js:585:3)
    at Module.require (internal/modules/cjs/loader.js:692:17) {"metadata":{"emulator":{"name":"functions"},"message":"Error: Could not find a valid build in the '/Users/todakashinya/Desktop/web/chaochat/.next' directory! Try building your app with 'next build' before starting the server.\n    at Server.readBuildId (/Users/todakashinya/Desktop/web/chaochat/node_modules/next/dist/next-server/server/next-server.js:113:355)\n    at new Server (/Users/todakashinya/Desktop/web/chaochat/node_modules/next/dist/next-server/server/next-server.js:3:120)\n    at Object.createServer [as default] (/Users/todakashinya/Desktop/web/chaochat/node_modules/next/dist/server/next.js:2:638)\n    at Object.<anonymous> (/Users/todakashinya/Desktop/web/chaochat/dist/index.js:31:36)\n    at Module._compile (internal/modules/cjs/loader.js:778:30)\n    at Object.Module._extensions..js (internal/modules/cjs/loader.js:789:10)\n    at Module.load (internal/modules/cjs/loader.js:653:32)\n    at tryModuleLoad (internal/modules/cjs/loader.js:593:12)\n    at Function.Module._load (internal/modules/cjs/loader.js:585:3)\n    at Module.require (internal/modules/cjs/loader.js:692:17)"}}
[warn] ⚠  We were unable to load your functions code. (see above)
   - You may be able to run "npm run build" in your functions directory to resolve this. {"metadata":{"emulator":{"name":"functions"}}}
[debug] [2020-09-07T13:59:36.907Z] [worker-~diagnostic~-61141ce5-23c4-421e-a6d8-f77e52491290]: exited {"metadata":{"emulator":{"name":"functions"},"message":"[worker-~diagnostic~-61141ce5-23c4-421e-a6d8-f77e52491290]: exited"}}
[debug] [2020-09-07T13:59:36.907Z] [worker-~diagnostic~-61141ce5-23c4-421e-a6d8-f77e52491290]: FINISHED {"metadata":{"emulator":{"name":"functions"},"message":"[worker-~diagnostic~-61141ce5-23c4-421e-a6d8-f77e52491290]: FINISHED"}}
